[INFO] 00:08:59:177 File System/(7294:7294): Se inicializa el módulo File System
[INFO] 00:08:59:181 File System/(7294:7294): IP: (null), PUERTO KERNEL: 8003
[INFO] 00:08:59:182 File System/(7294:7294): Escuchando en (null):8003 (FILE SYSTEM)

[INFO] 00:08:59:184 File System/(7294:7294): File System inicializado, esperando a recibir al Kernel en el PUERTO 8003.
[INFO] 14:27:33:670 File System/(3366:3366): Se inicializa el módulo File System
[INFO] 14:27:33:676 File System/(3366:3366): IP: (null), PUERTO KERNEL: 8003
[INFO] 14:27:33:677 File System/(3366:3366): File System inicializado, esperando a recibir al Kernel en el PUERTO 8003.
[INFO] 14:32:46:595 File System/(3784:3784): Se inicializa el módulo File System
[INFO] 14:32:46:602 File System/(3784:3784): PUERTO ESCUCHA: 8003
[INFO] 14:32:46:604 File System/(3784:3784): File System inicializado, esperando a recibir al Kernel en el PUERTO 8003.
[INFO] 16:08:15:002 File System/(9674:9674): Se inicializa el módulo File System
[INFO] 16:08:15:004 File System/(9674:9674): PUERTO ESCUCHA: 8003
[INFO] 16:08:15:004 File System/(9674:9674): File System inicializado, esperando a recibir al Kernel en el PUERTO 8003.
[INFO] 22:18:02:659 File System/(10777:10777): Se inicializa el módulo File System
[INFO] 22:18:02:713 File System/(10777:10777): PUERTO ESCUCHA: 8003
[INFO] 22:18:02:730 File System/(10777:10777): File System inicializado, esperando a recibir al Kernel en el PUERTO 8003.
[INFO] 22:22:58:090 File System/(10941:10941): El fileSystem posee una cantidad de 65536 bloques
[INFO] 22:22:58:104 File System/(10941:10941): Los bloques del fileSystem tiene un tamaño de 64 bytes
[INFO] 22:22:58:104 File System/(10941:10941): Se inicializa el módulo File System
[INFO] 22:22:58:104 File System/(10941:10941): PUERTO ESCUCHA: 8003
[INFO] 22:22:58:104 File System/(10941:10941): File System inicializado, esperando a recibir al Kernel en el PUERTO 8003.
[INFO] 01:11:10:922 File System/(2527:2527): El fileSystem posee una cantidad de 65536 bloques
[INFO] 01:11:10:930 File System/(2527:2527): Los bloques del fileSystem tiene un tamaño de 64 bytes
[INFO] 01:11:10:931 File System/(2527:2527): Se inicializa el módulo File System
[INFO] 01:11:10:931 File System/(2527:2527): PUERTO ESCUCHA: 8003
[INFO] 01:11:10:932 File System/(2527:2527): File System inicializado, esperando a recibir al Kernel en el PUERTO 8003.
