[INFO] 18:28:27:226 consola.log/(14601:14601): Hola! Se inicializo el modulo cliente Consola.
[INFO] 18:28:27:226 consola.log/(14601:14601): Se ha leido el archivo de config con exito, con los valores PUERTO: 9120 e IP: 127.0.0.1.
[ERROR] 18:28:27:226 consola.log/(14601:14601): Error al conectar (a KERNEL)

[INFO] 18:28:27:226 consola.log/(14601:14601): Conexion exitosa con el Kernel.
[WARNING] 18:28:27:226 consola.log/(14601:14601): Llegaron las siguientes instrucciones de pseudocodigo del archivo:

[INFO] 18:29:24:719 consola.log/(14618:14618): Hola! Se inicializo el modulo cliente Consola.
[INFO] 18:29:24:719 consola.log/(14618:14618): Se ha leido el archivo de config con exito, con los valores PUERTO: 9120 e IP: 127.0.0.1.
[INFO] 18:29:24:719 consola.log/(14618:14618): Cliente conectado en 127.0.0.1:9120 (a KERNEL)

[INFO] 18:29:24:719 consola.log/(14618:14618): Conexion exitosa con el Kernel.
[WARNING] 18:29:24:719 consola.log/(14618:14618): Llegaron las siguientes instrucciones de pseudocodigo del archivo:

[INFO] 20:03:03:079 consola.log/(15578:15578): Hola! Se inicializo el modulo cliente Consola.
[INFO] 20:03:03:079 consola.log/(15578:15578): Se ha leido el archivo de config con exito, con los valores PUERTO: 9120 e IP: 127.0.0.1.
[ERROR] 20:03:03:079 consola.log/(15578:15578): Error al conectar (a KERNEL)

[INFO] 20:03:03:079 consola.log/(15578:15578): Conexion exitosa con el Kernel.
[WARNING] 20:03:03:079 consola.log/(15578:15578): Llegaron las siguientes instrucciones de pseudocodigo del archivo:

[INFO] 20:09:02:536 consola.log/(15847:15847): Hola! Se inicializo el modulo cliente Consola.
[INFO] 20:09:02:536 consola.log/(15847:15847): Se ha leido el archivo de config con exito, con los valores PUERTO: 9120 e IP: 127.0.0.1.
[INFO] 20:09:02:536 consola.log/(15847:15847): Cliente conectado en 127.0.0.1:9120 (a KERNEL)

[INFO] 20:09:02:536 consola.log/(15847:15847): Conexion exitosa con el Kernel.
[WARNING] 20:09:02:536 consola.log/(15847:15847): Llegaron las siguientes instrucciones de pseudocodigo del archivo:

