[ERROR] 03:41:48:679 consola.log/(7337:7337): No se ha inicializado correctamente el módulo consola
[ERROR] 03:45:08:146 consola.log/(7391:7391): No se ha inicializado correctamente el módulo consola
[INFO] 03:48:14:039 consola.log/(7477:7477): Hola! Se inicializo el modulo cliente Consola.
[INFO] 03:48:14:046 consola.log/(7477:7477): Se ha leido el archivo de config con exito, con los valores PUERTO: 9120 e IP: 127.0.0.1.
[ERROR] 12:30:20:029 consola.log/(2958:2958): No se ha inicializado correctamente el módulo consola
[INFO] 12:31:21:377 consola.log/(2992:2992): Hola! Se inicializo el modulo cliente Consola.
[INFO] 12:31:21:451 consola.log/(2992:2992): Se ha leido el archivo de config con exito, con los valores PUERTO: 9120 e IP: 127.0.0.1.
[ERROR] 14:40:46:955 consola.log/(4329:4329): No se ha inicializado correctamente el módulo consola
[ERROR] 14:41:07:554 consola.log/(4367:4367): No se ha inicializado correctamente el módulo consola
[INFO] 14:42:08:792 consola.log/(4410:4410): Hola! Se inicializo el modulo cliente Consola.
[INFO] 14:42:08:804 consola.log/(4410:4410): Se ha leido el archivo de config con exito, con los valores PUERTO: 9120 e IP: 127.0.0.1.
[INFO] 14:43:33:516 consola.log/(4457:4457): Hola! Se inicializo el modulo cliente Consola.
[INFO] 14:43:33:518 consola.log/(4457:4457): Se ha leido el archivo de config con exito, con los valores PUERTO: (null) e IP: 127.0.0.1.
[INFO] 14:43:36:970 consola.log/(4457:4457): Se creo la conexion con el Kernel
[INFO] 14:43:40:560 consola.log/(4457:4457): Paquete de instrucciones enviado correctamente!
[INFO] 14:53:59:704 consola.log/(5283:5283): Hola! Se inicializo el modulo cliente Consola.
[INFO] 14:53:59:710 consola.log/(5283:5283): Se ha leido el archivo de config con exito, con los valores PUERTO: 8000 e IP: 127.0.0.1.
[INFO] 14:54:01:719 consola.log/(5283:5283): Las instrucciones fueron parseadas, listas para enviar a Kernel!
[INFO] 14:54:05:151 consola.log/(5283:5283): Se creo la conexion con el Kernel
[INFO] 14:54:07:047 consola.log/(5283:5283): Paquete de instrucciones enviado correctamente!
[INFO] 16:08:44:421 consola.log/(9721:9721): Hola! Se inicializo el modulo cliente Consola.
[INFO] 16:08:44:428 consola.log/(9721:9721): Se ha leido el archivo de config con exito, con los valores PUERTO: 8000 e IP: 127.0.0.1.
[INFO] 15:17:38:589 consola.log/(3891:3891): Hola! Se inicializo el modulo cliente Consola.
[INFO] 15:17:38:603 consola.log/(3891:3891): Se ha leido el archivo de config con exito, con los valores PUERTO: 8000 e IP: 127.0.0.1.
[INFO] 15:17:44:283 consola.log/(3891:3891): Las instrucciones fueron parseadas, listas para enviar a Kernel!
[INFO] 15:17:47:405 consola.log/(3891:3891): Se creo la conexion con el Kernel
[INFO] 15:21:08:293 consola.log/(4127:4127): Hola! Se inicializo el modulo cliente Consola.
[INFO] 15:21:08:297 consola.log/(4127:4127): Se ha leido el archivo de config con exito, con los valores PUERTO: 8000 e IP: 127.0.0.1.
[INFO] 15:21:09:585 consola.log/(4127:4127): Las instrucciones fueron parseadas, listas para enviar a Kernel!
[INFO] 15:21:10:666 consola.log/(4127:4127): Se creo la conexion con el Kernel
[WARNING] 15:21:28:348 consola.log/(4127:4127): Cantidad de Instrucciones enviadas: 5
[INFO] 15:21:28:348 consola.log/(4127:4127): Paquete de instrucciones enviado correctamente!
[INFO] 15:23:02:950 consola.log/(4340:4340): Hola! Se inicializo el modulo cliente Consola.
[INFO] 15:23:02:958 consola.log/(4340:4340): Se ha leido el archivo de config con exito, con los valores PUERTO: 8000 e IP: 127.0.0.1.
[INFO] 15:23:02:960 consola.log/(4340:4340): Las instrucciones fueron parseadas, listas para enviar a Kernel!
[INFO] 15:23:02:960 consola.log/(4340:4340): Se creo la conexion con el Kernel
[WARNING] 15:23:07:866 consola.log/(4340:4340): Cantidad de Instrucciones enviadas: 5
[INFO] 15:23:07:866 consola.log/(4340:4340): Paquete de instrucciones enviado correctamente!
[INFO] 15:24:49:809 consola.log/(4876:4876): Hola! Se inicializo el modulo cliente Consola.
[INFO] 15:24:49:815 consola.log/(4876:4876): Se ha leido el archivo de config con exito, con los valores PUERTO: 8000 e IP: 127.0.0.1.
[INFO] 15:24:49:822 consola.log/(4876:4876): Las instrucciones fueron parseadas, listas para enviar a Kernel!
[INFO] 15:25:35:967 consola.log/(4957:4957): Hola! Se inicializo el modulo cliente Consola.
[INFO] 15:25:35:973 consola.log/(4957:4957): Se ha leido el archivo de config con exito, con los valores PUERTO: 8000 e IP: 127.0.0.1.
[INFO] 15:25:35:974 consola.log/(4957:4957): Las instrucciones fueron parseadas, listas para enviar a Kernel!
[INFO] 15:26:24:750 consola.log/(5143:5143): Hola! Se inicializo el modulo cliente Consola.
[INFO] 15:26:24:753 consola.log/(5143:5143): Se ha leido el archivo de config con exito, con los valores PUERTO: 8000 e IP: 127.0.0.1.
[INFO] 15:26:24:756 consola.log/(5143:5143): Las instrucciones fueron parseadas, listas para enviar a Kernel!
[INFO] 15:32:50:635 consola.log/(5434:5434): Hola! Se inicializo el modulo cliente Consola.
[INFO] 15:32:50:638 consola.log/(5434:5434): Se ha leido el archivo de config con exito, con los valores PUERTO: 8000 e IP: 127.0.0.1.
[INFO] 15:32:50:641 consola.log/(5434:5434): Las instrucciones fueron parseadas, listas para enviar a Kernel!
[INFO] 15:33:22:341 consola.log/(5485:5485): Hola! Se inicializo el modulo cliente Consola.
[INFO] 15:33:22:349 consola.log/(5485:5485): Se ha leido el archivo de config con exito, con los valores PUERTO: 8000 e IP: 127.0.0.1.
[INFO] 15:33:22:352 consola.log/(5485:5485): Las instrucciones fueron parseadas, listas para enviar a Kernel!
[INFO] 15:39:14:878 consola.log/(5811:5811): Hola! Se inicializo el modulo cliente Consola.
[INFO] 15:39:14:880 consola.log/(5811:5811): Se ha leido el archivo de config con exito, con los valores PUERTO: 8000 e IP: 127.0.0.1.
[INFO] 15:39:14:882 consola.log/(5811:5811): Las instrucciones fueron parseadas, listas para enviar a Kernel!
[INFO] 15:44:54:193 consola.log/(6367:6367): Hola! Se inicializo el modulo cliente Consola.
[INFO] 15:44:54:195 consola.log/(6367:6367): Se ha leido el archivo de config con exito, con los valores PUERTO: 8000 e IP: 127.0.0.1.
[INFO] 15:44:54:200 consola.log/(6367:6367): Las instrucciones fueron parseadas, listas para enviar a Kernel!
[INFO] 19:57:07:534 consola.log/(54162:54162): Hola! Se inicializo el modulo cliente Consola.
[INFO] 19:57:44:059 consola.log/(54248:54248): Hola! Se inicializo el modulo cliente Consola.
[INFO] 20:00:27:467 consola.log/(54314:54314): Hola! Se inicializo el modulo cliente Consola.
[INFO] 20:00:57:427 consola.log/(54359:54359): Hola! Se inicializo el modulo cliente Consola.
[INFO] 20:03:59:753 consola.log/(54473:54473): Hola! Se inicializo el modulo cliente Consola.
[INFO] 20:05:04:078 consola.log/(54538:54538): Hola! Se inicializo el modulo cliente Consola.
[INFO] 20:05:04:078 consola.log/(54538:54538): Se ha leido el archivo de config con exito, con los valores PUERTO: 8000 e IP: 127.0.0.1.
[INFO] 20:05:04:078 consola.log/(54538:54538): Las instrucciones fueron parseadas, listas para enviar a Kernel!
[INFO] 20:05:19:228 consola.log/(54574:54574): Hola! Se inicializo el modulo cliente Consola.
[INFO] 20:05:23:028 consola.log/(54574:54574): Se ha leido el archivo de config con exito, con los valores PUERTO: 8000 e IP: 127.0.0.1.
[INFO] 20:05:48:161 consola.log/(54574:54574): Las instrucciones fueron parseadas, listas para enviar a Kernel!
[INFO] 20:08:39:176 consola.log/(54574:54574): Se creo la conexion con el Kernel
[INFO] 20:09:49:825 consola.log/(54702:54702): Hola! Se inicializo el modulo cliente Consola.
[INFO] 20:10:14:002 consola.log/(54702:54702): Se ha leido el archivo de config con exito, con los valores PUERTO: 8000 e IP: 127.0.0.1.
[INFO] 20:10:34:892 consola.log/(54702:54702): Las instrucciones fueron parseadas, listas para enviar a Kernel!
[INFO] 20:10:51:055 consola.log/(54702:54702): Se creo la conexion con el Kernel
[WARNING] 20:11:03:743 consola.log/(54702:54702): Cantidad de Instrucciones enviadas: 5
[INFO] 20:11:37:642 consola.log/(54702:54702): Paquete de instrucciones enviado correctamente!
[INFO] 23:43:37:434 consola.log/(55970:55970): Hola! Se inicializo el modulo cliente Consola.
[INFO] 23:43:38:763 consola.log/(55970:55970): Se ha leido el archivo de config con exito, con los valores PUERTO: 8000 e IP: 127.0.0.1.
[INFO] 23:43:48:663 consola.log/(55970:55970): Las instrucciones fueron parseadas, listas para enviar a Kernel!
[INFO] 23:44:36:725 consola.log/(55970:55970): Se creo la conexion con el Kernel
[WARNING] 23:44:59:191 consola.log/(55970:55970): Cantidad de Instrucciones enviadas: 5
[INFO] 23:45:18:933 consola.log/(55970:55970): Paquete de instrucciones enviado correctamente!
[INFO] 00:45:41:156 consola.log/(57962:57962): Hola! Se inicializo el modulo cliente Consola.
[INFO] 00:45:43:149 consola.log/(57962:57962): Se ha leido el archivo de config con exito, con los valores PUERTO: 8000 e IP: 127.0.0.1.
[INFO] 00:48:58:418 consola.log/(58327:58327): Hola! Se inicializo el modulo cliente Consola.
[INFO] 00:48:58:419 consola.log/(58327:58327): Se ha leido el archivo de config con exito, con los valores PUERTO: 8000 e IP: 127.0.0.1.
[INFO] 00:49:29:805 consola.log/(58371:58371): Hola! Se inicializo el modulo cliente Consola.
[INFO] 00:49:31:620 consola.log/(58371:58371): Se ha leido el archivo de config con exito, con los valores PUERTO: 8000 e IP: 127.0.0.1.
[INFO] 00:51:41:532 consola.log/(58469:58469): Hola! Se inicializo el modulo cliente Consola.
[INFO] 00:51:42:899 consola.log/(58469:58469): Se ha leido el archivo de config con exito, con los valores PUERTO: 8000 e IP: 127.0.0.1.
[INFO] 00:53:09:261 consola.log/(58615:58615): Hola! Se inicializo el modulo cliente Consola.
[INFO] 00:53:10:148 consola.log/(58615:58615): Se ha leido el archivo de config con exito, con los valores PUERTO: 8000 e IP: 127.0.0.1.
[INFO] 00:55:33:597 consola.log/(58775:58775): Hola! Se inicializo el modulo cliente Consola.
[INFO] 00:55:33:660 consola.log/(58775:58775): Se ha leido el archivo de config con exito, con los valores PUERTO: 8000 e IP: 127.0.0.1.
[INFO] 00:58:45:050 consola.log/(58841:58841): Hola! Se inicializo el modulo cliente Consola.
[INFO] 00:58:45:051 consola.log/(58841:58841): Se ha leido el archivo de config con exito, con los valores PUERTO: 8000 e IP: 127.0.0.1.
[INFO] 00:58:45:051 consola.log/(58841:58841): Las instrucciones fueron parseadas, listas para enviar a Kernel!
[INFO] 00:58:45:051 consola.log/(58841:58841): Se creo la conexion con el Kernel
[INFO] 00:59:00:190 consola.log/(58856:58856): Hola! Se inicializo el modulo cliente Consola.
[INFO] 00:59:00:190 consola.log/(58856:58856): Se ha leido el archivo de config con exito, con los valores PUERTO: 8000 e IP: 127.0.0.1.
[INFO] 00:59:00:190 consola.log/(58856:58856): Las instrucciones fueron parseadas, listas para enviar a Kernel!
[INFO] 00:59:00:190 consola.log/(58856:58856): Se creo la conexion con el Kernel
[WARNING] 00:59:15:545 consola.log/(58856:58856): Cantidad de Instrucciones enviadas: 5
[INFO] 00:59:15:545 consola.log/(58856:58856): Paquete de instrucciones enviado correctamente!
[INFO] 00:59:34:114 consola.log/(58878:58878): Hola! Se inicializo el modulo cliente Consola.
[INFO] 00:59:34:164 consola.log/(58878:58878): Se ha leido el archivo de config con exito, con los valores PUERTO: 8000 e IP: 127.0.0.1.
[INFO] 00:59:34:176 consola.log/(58878:58878): Las instrucciones fueron parseadas, listas para enviar a Kernel!
[INFO] 00:59:34:184 consola.log/(58878:58878): Se creo la conexion con el Kernel
[WARNING] 00:59:36:740 consola.log/(58878:58878): Cantidad de Instrucciones enviadas: 5
[INFO] 00:59:36:741 consola.log/(58878:58878): Paquete de instrucciones enviado correctamente!
[INFO] 01:01:11:774 consola.log/(59030:59030): Hola! Se inicializo el modulo cliente Consola.
[INFO] 01:01:11:825 consola.log/(59030:59030): Se ha leido el archivo de config con exito, con los valores PUERTO: 8000 e IP: 127.0.0.1.
[INFO] 01:01:11:837 consola.log/(59030:59030): Las instrucciones fueron parseadas, listas para enviar a Kernel!
[INFO] 01:01:11:846 consola.log/(59030:59030): Se creo la conexion con el Kernel
[WARNING] 01:01:15:761 consola.log/(59030:59030): Cantidad de Instrucciones enviadas: 5
[INFO] 01:01:15:763 consola.log/(59030:59030): Paquete de instrucciones enviado correctamente!
[INFO] 01:02:30:858 consola.log/(59457:59457): Hola! Se inicializo el modulo cliente Consola.
[INFO] 01:02:30:910 consola.log/(59457:59457): Se ha leido el archivo de config con exito, con los valores PUERTO: 8000 e IP: 127.0.0.1.
[INFO] 01:02:30:925 consola.log/(59457:59457): Las instrucciones fueron parseadas, listas para enviar a Kernel!
[INFO] 01:02:30:936 consola.log/(59457:59457): Se creo la conexion con el Kernel
[WARNING] 01:02:32:491 consola.log/(59457:59457): Cantidad de Instrucciones enviadas: 5
[INFO] 01:02:32:493 consola.log/(59457:59457): Paquete de instrucciones enviado correctamente!
[INFO] 01:04:05:434 consola.log/(59661:59661): Hola! Se inicializo el modulo cliente Consola.
[INFO] 01:04:05:483 consola.log/(59661:59661): Se ha leido el archivo de config con exito, con los valores PUERTO: 8000 e IP: 127.0.0.1.
[INFO] 01:04:05:495 consola.log/(59661:59661): Las instrucciones fueron parseadas, listas para enviar a Kernel!
[INFO] 01:04:05:503 consola.log/(59661:59661): Se creo la conexion con el Kernel
[WARNING] 01:04:06:143 consola.log/(59661:59661): Cantidad de Instrucciones enviadas: 5
[INFO] 01:04:06:145 consola.log/(59661:59661): Paquete de instrucciones enviado correctamente!
[INFO] 16:48:36:146 consola.log/(67968:67968): Hola! Se inicializo el modulo cliente Consola.
[INFO] 16:48:50:248 consola.log/(67968:67968): Se ha leido el archivo de config con exito, con los valores PUERTO: 8000 e IP: 127.0.0.1.
[INFO] 16:49:04:304 consola.log/(67968:67968): Las instrucciones fueron parseadas, listas para enviar a Kernel!
[INFO] 16:49:11:054 consola.log/(67968:67968): Se creo la conexion con el Kernel
[WARNING] 16:49:20:172 consola.log/(67968:67968): Cantidad de Instrucciones enviadas: 10
[INFO] 16:50:21:058 consola.log/(67968:67968): Paquete de instrucciones enviado correctamente!
[INFO] 16:51:14:650 consola.log/(68169:68169): Hola! Se inicializo el modulo cliente Consola.
[INFO] 16:51:14:650 consola.log/(68169:68169): Se ha leido el archivo de config con exito, con los valores PUERTO: 8000 e IP: 127.0.0.1.
[INFO] 16:51:14:650 consola.log/(68169:68169): Las instrucciones fueron parseadas, listas para enviar a Kernel!
[INFO] 16:51:14:650 consola.log/(68169:68169): Se creo la conexion con el Kernel
[WARNING] 16:51:19:773 consola.log/(68169:68169): Cantidad de Instrucciones enviadas: 10
[INFO] 16:51:19:773 consola.log/(68169:68169): Paquete de instrucciones enviado correctamente!
[INFO] 17:34:59:881 consola.log/(74990:74990): Hola! Se inicializo el modulo cliente Consola.
[INFO] 17:35:01:610 consola.log/(74990:74990): Se ha leido el archivo de config con exito, con los valores PUERTO: 8000 e IP: 127.0.0.1.
[INFO] 17:35:03:973 consola.log/(74990:74990): Las instrucciones fueron parseadas, listas para enviar a Kernel!
[INFO] 17:35:06:152 consola.log/(74990:74990): Se creo la conexion con el Kernel
[WARNING] 17:35:11:482 consola.log/(74990:74990): Cantidad de Instrucciones enviadas: 10
[INFO] 17:37:22:524 consola.log/(74990:74990): Paquete de instrucciones enviado correctamente!
[INFO] 17:47:48:831 consola.log/(75556:75556): Hola! Se inicializo el modulo cliente Consola.
[INFO] 17:47:48:831 consola.log/(75556:75556): Se ha leido el archivo de config con exito, con los valores PUERTO: 8000 e IP: 127.0.0.1.
[INFO] 17:47:48:831 consola.log/(75556:75556): Las instrucciones fueron parseadas, listas para enviar a Kernel!
[INFO] 17:47:48:831 consola.log/(75556:75556): Se creo la conexion con el Kernel
[WARNING] 17:47:51:862 consola.log/(75556:75556): Cantidad de Instrucciones enviadas: 10
[INFO] 17:47:51:862 consola.log/(75556:75556): Paquete de instrucciones enviado correctamente!
[INFO] 01:22:02:923 consola.log/(91810:91810): Hola! Se inicializo el modulo cliente Consola.
[INFO] 01:22:04:913 consola.log/(91810:91810): Se ha leido el archivo de config con exito, con los valores PUERTO: 8000 e IP: 127.0.0.1.
[INFO] 01:22:15:302 consola.log/(91810:91810): Se creo la conexion con el Kernel
[WARNING] 01:22:17:026 consola.log/(91810:91810): Cantidad de Instrucciones enviadas: 172051535
[INFO] 01:23:11:751 consola.log/(91810:91810): Paquete de instrucciones enviado correctamente!
[INFO] 01:23:26:443 consola.log/(91893:91893): Hola! Se inicializo el modulo cliente Consola.
[INFO] 01:23:28:251 consola.log/(91893:91893): Se ha leido el archivo de config con exito, con los valores PUERTO: 8000 e IP: 127.0.0.1.
[INFO] 01:23:32:328 consola.log/(91893:91893): Se creo la conexion con el Kernel
[WARNING] 01:23:33:776 consola.log/(91893:91893): Cantidad de Instrucciones enviadas: 172051535
[INFO] 01:23:40:023 consola.log/(91893:91893): Paquete de instrucciones enviado correctamente!
[INFO] 01:23:47:334 consola.log/(91967:91967): Hola! Se inicializo el modulo cliente Consola.
[INFO] 01:23:49:240 consola.log/(91967:91967): Se ha leido el archivo de config con exito, con los valores PUERTO: 8000 e IP: 127.0.0.1.
[INFO] 01:23:53:229 consola.log/(91967:91967): Se creo la conexion con el Kernel
[WARNING] 01:23:53:496 consola.log/(91967:91967): Cantidad de Instrucciones enviadas: 172051535
[INFO] 01:23:54:872 consola.log/(91967:91967): Paquete de instrucciones enviado correctamente!
[INFO] 01:24:02:984 consola.log/(92023:92023): Hola! Se inicializo el modulo cliente Consola.
[INFO] 01:24:04:282 consola.log/(92023:92023): Se ha leido el archivo de config con exito, con los valores PUERTO: 8000 e IP: 127.0.0.1.
[INFO] 01:24:06:871 consola.log/(92023:92023): Se creo la conexion con el Kernel
[WARNING] 01:24:08:199 consola.log/(92023:92023): Cantidad de Instrucciones enviadas: 172051535
[INFO] 01:25:58:911 consola.log/(92023:92023): Paquete de instrucciones enviado correctamente!
[INFO] 01:27:12:608 consola.log/(92163:92163): Hola! Se inicializo el modulo cliente Consola.
[INFO] 01:27:13:392 consola.log/(92163:92163): Se ha leido el archivo de config con exito, con los valores PUERTO: 8000 e IP: 127.0.0.1.
[INFO] 01:27:14:852 consola.log/(92163:92163): Se creo la conexion con el Kernel
[WARNING] 01:27:15:747 consola.log/(92163:92163): Cantidad de Instrucciones enviadas: 172051535
[INFO] 01:27:48:834 consola.log/(92163:92163): Paquete de instrucciones enviado correctamente!
[INFO] 01:36:58:665 consola.log/(92556:92556): Hola! Se inicializo el modulo cliente Consola.
[INFO] 01:36:59:416 consola.log/(92556:92556): Se ha leido el archivo de config con exito, con los valores PUERTO: 8000 e IP: 127.0.0.1.
[INFO] 01:37:00:618 consola.log/(92556:92556): Se creo la conexion con el Kernel
[WARNING] 01:37:01:431 consola.log/(92556:92556): Cantidad de Instrucciones enviadas: 172051535
[INFO] 01:37:31:344 consola.log/(92556:92556): Paquete de instrucciones enviado correctamente!
[INFO] 01:55:25:756 consola.log/(94341:94341): Hola! Se inicializo el modulo cliente Consola.
[INFO] 01:55:25:756 consola.log/(94341:94341): Se ha leido el archivo de config con exito, con los valores PUERTO: 8000 e IP: 127.0.0.1.
[INFO] 01:55:25:756 consola.log/(94341:94341): Se creo la conexion con el Kernel
[WARNING] 01:55:25:757 consola.log/(94341:94341): Cantidad de Instrucciones enviadas: 172051535
[INFO] 01:55:25:757 consola.log/(94341:94341): Paquete de instrucciones enviado correctamente!
[INFO] 01:58:24:045 consola.log/(94561:94561): Hola! Se inicializo el modulo cliente Consola.
[INFO] 01:58:25:661 consola.log/(94561:94561): Se ha leido el archivo de config con exito, con los valores PUERTO: 8000 e IP: 127.0.0.1.
[INFO] 01:58:28:879 consola.log/(94561:94561): Se creo la conexion con el Kernel
[WARNING] 01:58:29:263 consola.log/(94561:94561): Cantidad de Instrucciones enviadas: 172051535
[INFO] 02:00:01:021 consola.log/(94561:94561): Paquete de instrucciones enviado correctamente!
[INFO] 02:08:47:676 consola.log/(94914:94914): Hola! Se inicializo el modulo cliente Consola.
[INFO] 02:08:48:716 consola.log/(94914:94914): Se ha leido el archivo de config con exito, con los valores PUERTO: 8000 e IP: 127.0.0.1.
[INFO] 02:08:50:292 consola.log/(94914:94914): Se creo la conexion con el Kernel
[WARNING] 02:08:50:948 consola.log/(94914:94914): Cantidad de Instrucciones enviadas: 172051535
[INFO] 02:12:25:801 consola.log/(94914:94914): Paquete de instrucciones enviado correctamente!
[INFO] 18:00:22:958 consola.log/(182156:182156): Hola! Se inicializo el modulo cliente Consola.
[INFO] 18:00:22:959 consola.log/(182156:182156): Se ha leido el archivo de config con exito, con los valores PUERTO: 8000 e IP: 127.0.0.1.
[INFO] 18:00:22:960 consola.log/(182156:182156): Se creo la conexion con el Kernel
[WARNING] 18:00:22:961 consola.log/(182156:182156): Cantidad de Instrucciones enviadas: 172051535
[INFO] 18:00:22:961 consola.log/(182156:182156): Paquete de instrucciones enviado correctamente!
[INFO] 18:02:36:594 consola.log/(182253:182253): Hola! Se inicializo el modulo cliente Consola.
[INFO] 18:02:36:594 consola.log/(182253:182253): Se ha leido el archivo de config con exito, con los valores PUERTO: 8000 e IP: 127.0.0.1.
[INFO] 18:02:36:595 consola.log/(182253:182253): Se creo la conexion con el Kernel
[WARNING] 18:02:36:595 consola.log/(182253:182253): Cantidad de Instrucciones enviadas: 172051535
[INFO] 18:02:36:595 consola.log/(182253:182253): Paquete de instrucciones enviado correctamente!
[INFO] 19:23:38:018 consola.log/(5938:5938): Hola! Se inicializo el modulo cliente Consola.
[INFO] 19:23:38:020 consola.log/(5938:5938): Se ha leido el archivo de config con exito, con los valores PUERTO: 8000 e IP: 127.0.0.1.
[INFO] 19:23:38:023 consola.log/(5938:5938): Se creo la conexion con el Kernel
[INFO] 19:23:38:023 consola.log/(5938:5938): Paquete de instrucciones enviado correctamente!
[INFO] 03:18:41:363 consola.log/(68525:68525): Hola! Se inicializo el modulo cliente Consola.
[INFO] 03:18:52:538 consola.log/(68525:68525): Se ha leido el archivo de config con exito, con los valores PUERTO: 8000 e IP: 127.0.0.1.
[INFO] 03:19:02:566 consola.log/(68525:68525): Se creo la conexion con el Kernel
[INFO] 03:19:08:795 consola.log/(68525:68525): Paquete de instrucciones enviado correctamente!

[INFO] 03:19:10:991 consola.log/(68525:68525): Esperando respuesta de Kernel para finalizar.
[ERROR] 03:19:26:256 consola.log/(68525:68525): Error al querer finalizar la consola
[INFO] 03:19:27:442 consola.log/(68525:68525): Finalizó el proceso, terminando programa
[INFO] 03:19:39:191 consola.log/(68592:68592): Hola! Se inicializo el modulo cliente Consola.
[INFO] 03:19:39:191 consola.log/(68592:68592): Se ha leido el archivo de config con exito, con los valores PUERTO: 8000 e IP: 127.0.0.1.
[INFO] 03:19:39:191 consola.log/(68592:68592): Se creo la conexion con el Kernel
[INFO] 03:19:39:191 consola.log/(68592:68592): Paquete de instrucciones enviado correctamente!

[INFO] 03:19:39:191 consola.log/(68592:68592): Esperando respuesta de Kernel para finalizar.
[ERROR] 03:19:39:309 consola.log/(68592:68592): Error al querer finalizar la consola
[INFO] 03:19:39:309 consola.log/(68592:68592): Finalizó el proceso, terminando programa
[INFO] 07:00:31:055 consola.log/(79749:79749): Hola! Se inicializo el modulo cliente Consola.
[INFO] 07:00:32:724 consola.log/(79749:79749): Se ha leido el archivo de config con exito, con los valores PUERTO: 8000 e IP: 127.0.0.1.
[INFO] 07:00:37:000 consola.log/(79749:79749): Se creo la conexion con el Kernel
[INFO] 07:01:01:622 consola.log/(79749:79749): Paquete de instrucciones enviado correctamente!

[INFO] 07:01:02:925 consola.log/(79749:79749): Esperando respuesta de Kernel para finalizar.
[INFO] 07:01:41:390 consola.log/(79749:79749): Finalizó el proceso, terminando consola
[INFO] 07:01:55:906 consola.log/(79837:79837): Hola! Se inicializo el modulo cliente Consola.
[INFO] 07:01:57:523 consola.log/(79837:79837): Se ha leido el archivo de config con exito, con los valores PUERTO: 8000 e IP: 127.0.0.1.
[INFO] 07:02:01:596 consola.log/(79837:79837): Se creo la conexion con el Kernel
[INFO] 07:02:12:840 consola.log/(79837:79837): Paquete de instrucciones enviado correctamente!

[INFO] 07:02:14:228 consola.log/(79837:79837): Esperando respuesta de Kernel para finalizar.
[ERROR] 07:02:19:833 consola.log/(79837:79837): Error al querer finalizar la consola
[INFO] 07:02:20:700 consola.log/(79837:79837): Finalizó el proceso, terminando consola
[INFO] 02:53:44:828 consola.log/(15172:15172): Hola! Se inicializo el modulo cliente Consola.
[INFO] 02:53:44:877 consola.log/(15172:15172): Se ha leido el archivo de config con exito, con los valores PUERTO: 8000 e IP: 127.0.0.1.
[INFO] 02:53:44:890 consola.log/(15172:15172): Se creo la conexion con el Kernel
[INFO] 02:53:49:206 consola.log/(15172:15172): Paquete de instrucciones enviado correctamente!

[INFO] 02:53:49:207 consola.log/(15172:15172): Esperando respuesta de Kernel para finalizar.
[ERROR] 02:54:06:951 consola.log/(15172:15172): Error al querer finalizar la consola
[INFO] 02:54:06:955 consola.log/(15172:15172): Finalizó el proceso, terminando consola
[INFO] 03:07:45:674 consola.log/(16658:16658): Hola! Se inicializo el modulo cliente Consola.
[INFO] 03:07:45:723 consola.log/(16658:16658): Se ha leido el archivo de config con exito, con los valores PUERTO: 8000 e IP: 127.0.0.1.
[INFO] 03:07:45:736 consola.log/(16658:16658): Se creo la conexion con el Kernel
[INFO] 03:07:48:362 consola.log/(16658:16658): Paquete de instrucciones enviado correctamente!

[INFO] 03:07:48:362 consola.log/(16658:16658): Esperando respuesta de Kernel para finalizar.
[ERROR] 03:07:48:568 consola.log/(16658:16658): Error al querer finalizar la consola
[INFO] 03:07:48:568 consola.log/(16658:16658): Finalizó el proceso, terminando consola
[INFO] 18:47:22:007 consola.log/(21523:21523): Hola! Se inicializo el modulo cliente Consola.
[INFO] 18:47:22:055 consola.log/(21523:21523): Se ha leido el archivo de config con exito, con los valores PUERTO: 8000 e IP: 127.0.0.1.
[INFO] 18:47:22:068 consola.log/(21523:21523): Se creo la conexion con el Kernel
[INFO] 18:47:28:435 consola.log/(21523:21523): Paquete de instrucciones enviado correctamente!

[INFO] 18:47:28:436 consola.log/(21523:21523): Esperando respuesta de Kernel para finalizar.
[INFO] 18:47:55:543 consola.log/(21523:21523): Finalizó el proceso, terminando consola
[INFO] 22:22:03:438 consola.log/(6400:6400): Hola! Se inicializo el modulo cliente Consola.
[INFO] 22:22:03:443 consola.log/(6400:6400): Se ha leido el archivo de config con exito, con los valores PUERTO: 8000 e IP: 127.0.0.1.
[INFO] 22:22:03:444 consola.log/(6400:6400): Se creo la conexion con el Kernel
[INFO] 22:22:39:532 consola.log/(6400:6400): Paquete de instrucciones enviado correctamente!

[INFO] 22:22:39:532 consola.log/(6400:6400): Esperando respuesta de Kernel para finalizar.
[INFO] 22:23:06:562 consola.log/(6400:6400): Finalizó el proceso, terminando consola
[INFO] 22:33:25:941 consola.log/(6454:6454): Hola! Se inicializo el modulo cliente Consola.
[INFO] 22:33:25:941 consola.log/(6454:6454): Se ha leido el archivo de config con exito, con los valores PUERTO: 8000 e IP: 127.0.0.1.
[INFO] 22:33:25:942 consola.log/(6454:6454): Se creo la conexion con el Kernel
[INFO] 22:33:29:051 consola.log/(6454:6454): Paquete de instrucciones enviado correctamente!

[INFO] 22:33:29:052 consola.log/(6454:6454): Esperando respuesta de Kernel para finalizar.
[INFO] 22:33:55:066 consola.log/(6454:6454): Finalizó el proceso, terminando consola
[INFO] 22:40:42:652 consola.log/(6538:6538): Hola! Se inicializo el modulo cliente Consola.
[INFO] 22:40:42:652 consola.log/(6538:6538): Se ha leido el archivo de config con exito, con los valores PUERTO: 8000 e IP: 127.0.0.1.
[INFO] 22:40:42:653 consola.log/(6538:6538): Se creo la conexion con el Kernel
[INFO] 22:40:50:114 consola.log/(6538:6538): Paquete de instrucciones enviado correctamente!

[INFO] 22:40:50:115 consola.log/(6538:6538): Esperando respuesta de Kernel para finalizar.
[ERROR] 22:40:59:289 consola.log/(6538:6538): Error al querer finalizar la consola
[INFO] 22:40:59:289 consola.log/(6538:6538): Finalizó el proceso, terminando consola
[INFO] 22:54:58:651 consola.log/(6885:6885): Hola! Se inicializo el modulo cliente Consola.
[INFO] 22:54:58:651 consola.log/(6885:6885): Se ha leido el archivo de config con exito, con los valores PUERTO: 8000 e IP: 127.0.0.1.
[INFO] 22:54:58:672 consola.log/(6885:6885): Se creo la conexion con el Kernel
[INFO] 22:58:15:331 consola.log/(6980:6980): Hola! Se inicializo el modulo cliente Consola.
[INFO] 22:58:15:331 consola.log/(6980:6980): Se ha leido el archivo de config con exito, con los valores PUERTO: 8000 e IP: 127.0.0.1.
[INFO] 22:58:15:351 consola.log/(6980:6980): Se creo la conexion con el Kernel
[INFO] 22:58:55:890 consola.log/(6980:6980): Paquete de instrucciones enviado correctamente!

[INFO] 22:58:55:891 consola.log/(6980:6980): Esperando respuesta de Kernel para finalizar.
[ERROR] 23:06:41:104 consola.log/(6980:6980): Error al querer finalizar la consola
[INFO] 23:06:41:114 consola.log/(6980:6980): Finalizó el proceso, terminando consola
[INFO] 23:09:00:242 consola.log/(7318:7318): Hola! Se inicializo el modulo cliente Consola.
[INFO] 23:09:00:242 consola.log/(7318:7318): Se ha leido el archivo de config con exito, con los valores PUERTO: 8000 e IP: 127.0.0.1.
[INFO] 23:09:00:264 consola.log/(7318:7318): Se creo la conexion con el Kernel
[INFO] 23:09:26:960 consola.log/(7318:7318): Paquete de instrucciones enviado correctamente!

[INFO] 23:09:26:961 consola.log/(7318:7318): Esperando respuesta de Kernel para finalizar.
[ERROR] 23:23:13:178 consola.log/(7318:7318): Error al querer finalizar la consola
[INFO] 23:23:13:178 consola.log/(7318:7318): Finalizó el proceso, terminando consola
[INFO] 23:27:43:088 consola.log/(8212:8212): Hola! Se inicializo el modulo cliente Consola.
[INFO] 23:27:43:088 consola.log/(8212:8212): Se ha leido el archivo de config con exito, con los valores PUERTO: 8000 e IP: 127.0.0.1.
[INFO] 23:27:43:104 consola.log/(8212:8212): Se creo la conexion con el Kernel
[INFO] 23:28:02:725 consola.log/(8212:8212): Paquete de instrucciones enviado correctamente!

[INFO] 23:28:02:727 consola.log/(8212:8212): Esperando respuesta de Kernel para finalizar.
[INFO] 23:41:25:342 consola.log/(9025:9025): Hola! Se inicializo el modulo cliente Consola.
[INFO] 23:41:25:342 consola.log/(9025:9025): Se ha leido el archivo de config con exito, con los valores PUERTO: 8000 e IP: 127.0.0.1.
[INFO] 23:41:25:343 consola.log/(9025:9025): Se creo la conexion con el Kernel
[INFO] 23:41:51:928 consola.log/(9025:9025): Paquete de instrucciones enviado correctamente!

[INFO] 23:41:51:929 consola.log/(9025:9025): Esperando respuesta de Kernel para finalizar.
[INFO] 23:46:23:307 consola.log/(9025:9025): Finalizó el proceso, terminando consola
[INFO] 23:47:27:446 consola.log/(9442:9442): Hola! Se inicializo el modulo cliente Consola.
[INFO] 23:47:27:446 consola.log/(9442:9442): Se ha leido el archivo de config con exito, con los valores PUERTO: 8000 e IP: 127.0.0.1.
[INFO] 23:47:27:447 consola.log/(9442:9442): Se creo la conexion con el Kernel
[INFO] 23:47:28:996 consola.log/(9442:9442): Paquete de instrucciones enviado correctamente!

[INFO] 23:47:28:997 consola.log/(9442:9442): Esperando respuesta de Kernel para finalizar.
[INFO] 23:49:27:198 consola.log/(9442:9442): Finalizó el proceso, terminando consola
[INFO] 23:52:43:304 consola.log/(8212:8212): Finalizó el proceso, terminando consola
[INFO] 01:51:13:463 consola.log/(107916:107916): Hola! Se inicializo el modulo cliente Consola.
[INFO] 01:51:28:477 consola.log/(107917:107917): Hola! Se inicializo el modulo cliente Consola.
[INFO] 01:51:28:477 consola.log/(107917:107917): Se ha leido el archivo de config con exito, con los valores PUERTO: 8000 e IP: 127.0.0.1.
[INFO] 01:51:28:477 consola.log/(107917:107917): Se creo la conexion con el Kernel
[INFO] 01:51:30:500 consola.log/(107917:107917): Paquete de instrucciones enviado correctamente!

[INFO] 01:51:30:501 consola.log/(107917:107917): Esperando respuesta de Kernel para finalizar.
[INFO] 01:51:34:522 consola.log/(107917:107917): Finalizó el proceso, terminando consola
[INFO] 02:18:38:739 consola.log/(109225:109225): Hola! Se inicializo el modulo cliente Consola.
[INFO] 02:18:38:740 consola.log/(109225:109225): Se ha leido el archivo de config con exito, con los valores PUERTO: 8000 e IP: 127.0.0.1.
[INFO] 02:18:38:741 consola.log/(109225:109225): Se creo la conexion con el Kernel
[INFO] 02:18:40:861 consola.log/(109225:109225): Paquete de instrucciones enviado correctamente!

[INFO] 02:18:40:862 consola.log/(109225:109225): Esperando respuesta de Kernel para finalizar.
[ERROR] 02:18:48:295 consola.log/(109225:109225): Error al querer finalizar la consola
[INFO] 02:18:48:295 consola.log/(109225:109225): Finalizó el proceso, terminando consola
[INFO] 02:32:46:655 consola.log/(109357:109357): Hola! Se inicializo el modulo cliente Consola.
[INFO] 02:32:46:656 consola.log/(109357:109357): Se ha leido el archivo de config con exito, con los valores PUERTO: 8000 e IP: 127.0.0.1.
[INFO] 02:32:46:657 consola.log/(109357:109357): Se creo la conexion con el Kernel
[INFO] 02:32:59:764 consola.log/(109357:109357): Paquete de instrucciones enviado correctamente!

[INFO] 02:32:59:764 consola.log/(109357:109357): Esperando respuesta de Kernel para finalizar.
[ERROR] 02:33:59:893 consola.log/(109357:109357): Error al querer finalizar la consola
[INFO] 02:33:59:893 consola.log/(109357:109357): Finalizó el proceso, terminando consola
[INFO] 02:38:12:564 consola.log/(109472:109472): Hola! Se inicializo el modulo cliente Consola.
[INFO] 02:38:12:564 consola.log/(109472:109472): Se ha leido el archivo de config con exito, con los valores PUERTO: 8000 e IP: 127.0.0.1.
[INFO] 02:38:12:565 consola.log/(109472:109472): Se creo la conexion con el Kernel
[INFO] 02:38:17:371 consola.log/(109472:109472): Paquete de instrucciones enviado correctamente!

[INFO] 02:38:17:371 consola.log/(109472:109472): Esperando respuesta de Kernel para finalizar.
[ERROR] 02:43:45:435 consola.log/(109472:109472): Error al querer finalizar la consola
[INFO] 02:43:45:435 consola.log/(109472:109472): Finalizó el proceso, terminando consola
[INFO] 02:46:46:623 consola.log/(109751:109751): Hola! Se inicializo el modulo cliente Consola.
[INFO] 02:46:46:624 consola.log/(109751:109751): Se ha leido el archivo de config con exito, con los valores PUERTO: 8000 e IP: 127.0.0.1.
[INFO] 02:46:46:625 consola.log/(109751:109751): Se creo la conexion con el Kernel
[INFO] 02:46:52:677 consola.log/(109751:109751): Paquete de instrucciones enviado correctamente!

[INFO] 02:46:52:677 consola.log/(109751:109751): Esperando respuesta de Kernel para finalizar.
[ERROR] 02:47:00:125 consola.log/(109751:109751): Error al querer finalizar la consola
[INFO] 02:47:00:125 consola.log/(109751:109751): Finalizó el proceso, terminando consola
[INFO] 02:52:26:719 consola.log/(109851:109851): Hola! Se inicializo el modulo cliente Consola.
[INFO] 02:52:26:719 consola.log/(109851:109851): Se ha leido el archivo de config con exito, con los valores PUERTO: 8000 e IP: 127.0.0.1.
[INFO] 02:52:26:720 consola.log/(109851:109851): Se creo la conexion con el Kernel
[INFO] 02:52:34:056 consola.log/(109851:109851): Paquete de instrucciones enviado correctamente!

[INFO] 02:52:34:056 consola.log/(109851:109851): Esperando respuesta de Kernel para finalizar.
[ERROR] 02:52:41:518 consola.log/(109851:109851): Error al querer finalizar la consola
[INFO] 02:52:41:518 consola.log/(109851:109851): Finalizó el proceso, terminando consola
[INFO] 03:03:19:864 consola.log/(110088:110088): Hola! Se inicializo el modulo cliente Consola.
[INFO] 03:03:19:864 consola.log/(110088:110088): Se ha leido el archivo de config con exito, con los valores PUERTO: 8000 e IP: 127.0.0.1.
[INFO] 03:03:19:866 consola.log/(110088:110088): Se creo la conexion con el Kernel
[INFO] 03:03:21:316 consola.log/(110088:110088): Paquete de instrucciones enviado correctamente!

[INFO] 03:03:21:317 consola.log/(110088:110088): Esperando respuesta de Kernel para finalizar.
[ERROR] 03:12:54:741 consola.log/(110088:110088): Error al querer finalizar la consola
[INFO] 03:12:54:741 consola.log/(110088:110088): Finalizó el proceso, terminando consola
[INFO] 03:29:38:644 consola.log/(110977:110977): Hola! Se inicializo el modulo cliente Consola.
[INFO] 03:29:38:657 consola.log/(110977:110977): Se ha leido el archivo de config con exito, con los valores PUERTO: 8000 e IP: 127.0.0.1.
[INFO] 03:29:38:669 consola.log/(110977:110977): Se creo la conexion con el Kernel
[INFO] 03:29:40:155 consola.log/(110977:110977): Paquete de instrucciones enviado correctamente!

[INFO] 03:29:40:156 consola.log/(110977:110977): Esperando respuesta de Kernel para finalizar.
[ERROR] 03:31:37:623 consola.log/(110977:110977): Error al querer finalizar la consola
[INFO] 03:31:37:685 consola.log/(110977:110977): Finalizó el proceso, terminando consola
[INFO] 03:44:56:860 consola.log/(111596:111596): Hola! Se inicializo el modulo cliente Consola.
[INFO] 03:44:56:860 consola.log/(111596:111596): Se ha leido el archivo de config con exito, con los valores PUERTO: 8000 e IP: 127.0.0.1.
[INFO] 03:44:56:862 consola.log/(111596:111596): Se creo la conexion con el Kernel
[INFO] 03:44:57:391 consola.log/(111596:111596): Paquete de instrucciones enviado correctamente!

[INFO] 03:44:57:391 consola.log/(111596:111596): Esperando respuesta de Kernel para finalizar.
[ERROR] 03:45:05:052 consola.log/(111596:111596): Error al querer finalizar la consola
[INFO] 03:45:05:052 consola.log/(111596:111596): Finalizó el proceso, terminando consola
[INFO] 03:50:47:987 consola.log/(111751:111751): Hola! Se inicializo el modulo cliente Consola.
[INFO] 03:50:47:987 consola.log/(111751:111751): Se ha leido el archivo de config con exito, con los valores PUERTO: 8000 e IP: 127.0.0.1.
[INFO] 03:50:47:988 consola.log/(111751:111751): Se creo la conexion con el Kernel
[INFO] 03:50:48:351 consola.log/(111751:111751): Paquete de instrucciones enviado correctamente!

[INFO] 03:50:48:353 consola.log/(111751:111751): Esperando respuesta de Kernel para finalizar.
[ERROR] 03:53:44:888 consola.log/(111751:111751): Error al querer finalizar la consola
[INFO] 03:53:44:888 consola.log/(111751:111751): Finalizó el proceso, terminando consola
[INFO] 03:55:42:404 consola.log/(111846:111846): Hola! Se inicializo el modulo cliente Consola.
[INFO] 03:55:42:404 consola.log/(111846:111846): Se ha leido el archivo de config con exito, con los valores PUERTO: 8000 e IP: 127.0.0.1.
[INFO] 03:55:42:406 consola.log/(111846:111846): Se creo la conexion con el Kernel
[INFO] 03:55:43:827 consola.log/(111846:111846): Paquete de instrucciones enviado correctamente!

[INFO] 03:55:43:829 consola.log/(111846:111846): Esperando respuesta de Kernel para finalizar.
[ERROR] 03:55:51:505 consola.log/(111846:111846): Error al querer finalizar la consola
[INFO] 03:55:51:505 consola.log/(111846:111846): Finalizó el proceso, terminando consola
[INFO] 03:57:13:842 consola.log/(111925:111925): Hola! Se inicializo el modulo cliente Consola.
[INFO] 03:57:13:842 consola.log/(111925:111925): Se ha leido el archivo de config con exito, con los valores PUERTO: 8000 e IP: 127.0.0.1.
[INFO] 03:57:13:843 consola.log/(111925:111925): Se creo la conexion con el Kernel
[INFO] 03:57:15:089 consola.log/(111925:111925): Paquete de instrucciones enviado correctamente!

[INFO] 03:57:15:093 consola.log/(111925:111925): Esperando respuesta de Kernel para finalizar.
[INFO] 03:57:24:232 consola.log/(111925:111925): Finalizó el proceso, terminando consola
[INFO] 04:24:15:310 consola.log/(112447:112447): Hola! Se inicializo el modulo cliente Consola.
[INFO] 04:24:15:327 consola.log/(112447:112447): Se ha leido el archivo de config con exito, con los valores PUERTO: 8000 e IP: 127.0.0.1.
[INFO] 04:24:15:328 consola.log/(112447:112447): Se creo la conexion con el Kernel
[INFO] 04:24:16:357 consola.log/(112447:112447): Paquete de instrucciones enviado correctamente!

[INFO] 04:24:16:357 consola.log/(112447:112447): Esperando respuesta de Kernel para finalizar.
[INFO] 04:24:25:823 consola.log/(112447:112447): Finalizó el proceso, terminando consola
[INFO] 04:25:27:535 consola.log/(112499:112499): Hola! Se inicializo el modulo cliente Consola.
[INFO] 04:25:27:537 consola.log/(112499:112499): Se ha leido el archivo de config con exito, con los valores PUERTO: 8000 e IP: 127.0.0.1.
[INFO] 04:25:27:539 consola.log/(112499:112499): Se creo la conexion con el Kernel
[INFO] 04:25:28:777 consola.log/(112499:112499): Paquete de instrucciones enviado correctamente!

[INFO] 04:25:28:781 consola.log/(112499:112499): Esperando respuesta de Kernel para finalizar.
[INFO] 04:25:38:175 consola.log/(112499:112499): Finalizó el proceso, terminando consola
[INFO] 04:28:59:334 consola.log/(112587:112587): Hola! Se inicializo el modulo cliente Consola.
[INFO] 04:28:59:334 consola.log/(112587:112587): Se ha leido el archivo de config con exito, con los valores PUERTO: 8000 e IP: 127.0.0.1.
[INFO] 04:28:59:336 consola.log/(112587:112587): Se creo la conexion con el Kernel
[INFO] 04:28:59:963 consola.log/(112587:112587): Paquete de instrucciones enviado correctamente!

[INFO] 04:28:59:963 consola.log/(112587:112587): Esperando respuesta de Kernel para finalizar.
[INFO] 04:29:09:358 consola.log/(112587:112587): Finalizó el proceso, terminando consola
[INFO] 04:33:09:427 consola.log/(112794:112794): Hola! Se inicializo el modulo cliente Consola.
[INFO] 04:33:09:428 consola.log/(112794:112794): Se ha leido el archivo de config con exito, con los valores PUERTO: 8000 e IP: 127.0.0.1.
[INFO] 04:33:09:429 consola.log/(112794:112794): Se creo la conexion con el Kernel
[INFO] 04:33:10:033 consola.log/(112794:112794): Paquete de instrucciones enviado correctamente!

[INFO] 04:33:10:033 consola.log/(112794:112794): Esperando respuesta de Kernel para finalizar.
[INFO] 04:33:19:477 consola.log/(112794:112794): Finalizó el proceso, terminando consola
[INFO] 04:48:13:178 consola.log/(113693:113693): Hola! Se inicializo el modulo cliente Consola.
[INFO] 04:48:13:181 consola.log/(113693:113693): Se ha leido el archivo de config con exito, con los valores PUERTO: 8000 e IP: 127.0.0.1.
[INFO] 04:48:13:182 consola.log/(113693:113693): Se creo la conexion con el Kernel
[INFO] 04:48:13:789 consola.log/(113693:113693): Paquete de instrucciones enviado correctamente!

[INFO] 04:48:13:789 consola.log/(113693:113693): Esperando respuesta de Kernel para finalizar.
[INFO] 04:48:23:153 consola.log/(113693:113693): Finalizó el proceso, terminando consola
[INFO] 04:54:18:448 consola.log/(113781:113781): Hola! Se inicializo el modulo cliente Consola.
[INFO] 04:54:18:456 consola.log/(113781:113781): Se ha leido el archivo de config con exito, con los valores PUERTO: 8000 e IP: 127.0.0.1.
[INFO] 04:54:18:458 consola.log/(113781:113781): Se creo la conexion con el Kernel
[INFO] 04:54:20:270 consola.log/(113781:113781): Paquete de instrucciones enviado correctamente!

[INFO] 04:54:20:273 consola.log/(113781:113781): Esperando respuesta de Kernel para finalizar.
[ERROR] 04:54:20:702 consola.log/(113781:113781): Error al querer finalizar la consola
[INFO] 04:54:20:702 consola.log/(113781:113781): Finalizó el proceso, terminando consola
[INFO] 04:59:17:364 consola.log/(113877:113877): Hola! Se inicializo el modulo cliente Consola.
[INFO] 04:59:17:365 consola.log/(113877:113877): Se ha leido el archivo de config con exito, con los valores PUERTO: 8000 e IP: 127.0.0.1.
[INFO] 04:59:17:400 consola.log/(113877:113877): Se creo la conexion con el Kernel
[INFO] 04:59:56:814 consola.log/(113877:113877): Paquete de instrucciones enviado correctamente!

[INFO] 04:59:56:817 consola.log/(113877:113877): Esperando respuesta de Kernel para finalizar.
[ERROR] 05:03:20:062 consola.log/(113877:113877): Error al querer finalizar la consola
[INFO] 05:03:20:083 consola.log/(113877:113877): Finalizó el proceso, terminando consola
[INFO] 05:06:09:051 consola.log/(114114:114114): Hola! Se inicializo el modulo cliente Consola.
[INFO] 05:06:09:055 consola.log/(114114:114114): Se ha leido el archivo de config con exito, con los valores PUERTO: 8000 e IP: 127.0.0.1.
[INFO] 05:06:09:059 consola.log/(114114:114114): Se creo la conexion con el Kernel
[INFO] 05:06:12:274 consola.log/(114114:114114): Paquete de instrucciones enviado correctamente!

[INFO] 05:06:12:275 consola.log/(114114:114114): Esperando respuesta de Kernel para finalizar.
[ERROR] 05:07:11:436 consola.log/(114114:114114): Error al querer finalizar la consola
[INFO] 05:07:11:436 consola.log/(114114:114114): Finalizó el proceso, terminando consola
[INFO] 05:23:37:953 consola.log/(114437:114437): Hola! Se inicializo el modulo cliente Consola.
[INFO] 05:23:37:962 consola.log/(114437:114437): Se ha leido el archivo de config con exito, con los valores PUERTO: 8000 e IP: 127.0.0.1.
[INFO] 05:23:37:964 consola.log/(114437:114437): Se creo la conexion con el Kernel
[INFO] 05:23:39:679 consola.log/(114437:114437): Paquete de instrucciones enviado correctamente!

[INFO] 05:23:39:682 consola.log/(114437:114437): Esperando respuesta de Kernel para finalizar.
[ERROR] 05:31:56:067 consola.log/(114437:114437): Error al querer finalizar la consola
[INFO] 05:31:56:067 consola.log/(114437:114437): Finalizó el proceso, terminando consola
[INFO] 05:42:18:073 consola.log/(115302:115302): Hola! Se inicializo el modulo cliente Consola.
[INFO] 05:42:18:073 consola.log/(115302:115302): Se ha leido el archivo de config con exito, con los valores PUERTO: 8000 e IP: 127.0.0.1.
[INFO] 05:42:18:075 consola.log/(115302:115302): Se creo la conexion con el Kernel
[INFO] 05:42:18:511 consola.log/(115302:115302): Paquete de instrucciones enviado correctamente!

[INFO] 05:42:18:511 consola.log/(115302:115302): Esperando respuesta de Kernel para finalizar.
[ERROR] 05:44:41:866 consola.log/(115302:115302): Error al querer finalizar la consola
[INFO] 05:44:41:866 consola.log/(115302:115302): Finalizó el proceso, terminando consola
