[INFO] 06:18:54:469 cpu.log/(95784:95784): Hola! Se inicializo el modulo cliente CPU.
[INFO] 06:18:54:469 cpu.log/(95784:95784): La configuracion de la conexion indica el PUERTO 127.0.0.1 y la IP 8888
[INFO] 06:18:54:470 cpu.log/(95784:95784): CPU inicializado, esperando a recibir al Kernel en el PUERTO 8888.

[INFO] 06:20:26:028 cpu.log/(95823:95823): Hola! Se inicializo el modulo cliente CPU.
[INFO] 06:20:28:470 cpu.log/(95823:95823): La configuracion de la conexion indica el PUERTO 127.0.0.1 y la IP 8888
[INFO] 06:20:29:498 cpu.log/(95823:95823): CPU inicializado, esperando a recibir al Kernel en el PUERTO 8888.

[INFO] 06:20:43:761 cpu.log/(95823:95823): Cliente conectado (a CPU)

[INFO] 06:20:47:061 cpu.log/(95823:95823): CPU esperando a recibir un nuevo proceso para ejecutar.
[INFO] 06:21:36:479 cpu.log/(95823:95823): Los registros que trajo PID: <1000> son: 
[INFO] 06:21:37:035 cpu.log/(95823:95823): 0000
[INFO] 06:21:37:247 cpu.log/(95823:95823): 0000
[INFO] 06:21:37:425 cpu.log/(95823:95823): 0000
[INFO] 06:21:37:605 cpu.log/(95823:95823): 0000
[INFO] 06:21:37:760 cpu.log/(95823:95823): 00000000
[INFO] 06:21:37:951 cpu.log/(95823:95823): 00000000
[INFO] 06:21:38:120 cpu.log/(95823:95823): 00000000
[INFO] 06:21:38:303 cpu.log/(95823:95823): 00000000
[INFO] 06:21:38:507 cpu.log/(95823:95823): 0000000000000000
[INFO] 06:21:38:661 cpu.log/(95823:95823): 0000000000000000
[INFO] 06:21:38:813 cpu.log/(95823:95823): 0000000000000000
[INFO] 06:21:39:140 cpu.log/(95823:95823): 0000000000000000
[INFO] 06:21:39:407 cpu.log/(95823:95823): PID: <1000> recibido desde el Kernel para ejecutar.
[WARNING] 06:23:15:540 cpu.log/(95823:95823): AX: HOLA
[WARNING] 06:23:15:771 cpu.log/(95823:95823): BX: 0000
[WARNING] 06:23:15:988 cpu.log/(95823:95823): CX: 0000
[WARNING] 06:23:16:230 cpu.log/(95823:95823): DX: 0000
[WARNING] 06:23:16:398 cpu.log/(95823:95823): EAX: 00000000
[WARNING] 06:23:16:610 cpu.log/(95823:95823): EBX: 00000000
[WARNING] 06:23:16:836 cpu.log/(95823:95823): ECX: 00000000
[WARNING] 06:23:17:000 cpu.log/(95823:95823): EDX: 00000000
[WARNING] 06:23:17:189 cpu.log/(95823:95823): RAX: 0000000000000000
[WARNING] 06:23:17:390 cpu.log/(95823:95823): RBX: 0000000000000000
[WARNING] 06:23:17:541 cpu.log/(95823:95823): RCX: 0000000000000000
[WARNING] 06:23:17:721 cpu.log/(95823:95823): RDX: 0000000000000000
[INFO] 06:23:19:022 cpu.log/(95823:95823): CPU esperando a recibir un nuevo proceso para ejecutar.
[INFO] 06:23:26:171 cpu.log/(95823:95823): Los registros que trajo PID: <1000> son: 
[INFO] 06:23:26:273 cpu.log/(95823:95823): HOLA
[INFO] 06:23:26:374 cpu.log/(95823:95823): 0000
[INFO] 06:23:27:083 cpu.log/(95823:95823): 0000
[INFO] 06:23:27:303 cpu.log/(95823:95823): 0000
[INFO] 06:23:27:474 cpu.log/(95823:95823): 00000000
[INFO] 06:23:27:661 cpu.log/(95823:95823): 00000000
[INFO] 06:23:27:863 cpu.log/(95823:95823): 00000000
[INFO] 06:23:28:074 cpu.log/(95823:95823): 00000000
[INFO] 06:23:28:265 cpu.log/(95823:95823): 0000000000000000
[INFO] 06:23:28:477 cpu.log/(95823:95823): 0000000000000000
[INFO] 06:23:28:685 cpu.log/(95823:95823): 0000000000000000
[INFO] 06:23:29:031 cpu.log/(95823:95823): 0000000000000000
[INFO] 06:23:29:733 cpu.log/(95823:95823): PID: <1000> recibido desde el Kernel para ejecutar.
[WARNING] 06:23:51:924 cpu.log/(95823:95823): AX: HOLA
[WARNING] 06:23:52:249 cpu.log/(95823:95823): BX: 0000
[WARNING] 06:23:52:459 cpu.log/(95823:95823): CX: 0000
[WARNING] 06:23:52:639 cpu.log/(95823:95823): DX: 0000
[WARNING] 06:23:52:867 cpu.log/(95823:95823): EAX: 00000000
[WARNING] 06:23:53:029 cpu.log/(95823:95823): EBX: 00000000
[WARNING] 06:23:53:298 cpu.log/(95823:95823): ECX: 00000000
[WARNING] 06:23:53:516 cpu.log/(95823:95823): EDX: 00000000
[WARNING] 06:23:53:690 cpu.log/(95823:95823): RAX: 0000000000000000
[WARNING] 06:23:53:873 cpu.log/(95823:95823): RBX: 0000000000000000
[WARNING] 06:23:54:052 cpu.log/(95823:95823): RCX: 0000000000000000
[WARNING] 06:23:54:231 cpu.log/(95823:95823): RDX: 0000000000000000
[INFO] 06:23:55:667 cpu.log/(95823:95823): CPU esperando a recibir un nuevo proceso para ejecutar.
[INFO] 06:24:04:354 cpu.log/(95823:95823): Los registros que trajo PID: <1000> son: 
[INFO] 06:24:04:536 cpu.log/(95823:95823): HOLA
[INFO] 06:24:04:746 cpu.log/(95823:95823): 0000
[INFO] 06:24:04:928 cpu.log/(95823:95823): 0000
[INFO] 06:24:05:141 cpu.log/(95823:95823): 0000
[INFO] 06:24:05:350 cpu.log/(95823:95823): 00000000
[INFO] 06:24:05:527 cpu.log/(95823:95823): 00000000
[INFO] 06:24:05:764 cpu.log/(95823:95823): 00000000
[INFO] 06:24:05:974 cpu.log/(95823:95823): 00000000
[INFO] 06:24:06:156 cpu.log/(95823:95823): 0000000000000000
[INFO] 06:24:06:351 cpu.log/(95823:95823): 0000000000000000
[INFO] 06:24:06:517 cpu.log/(95823:95823): 0000000000000000
[INFO] 06:24:06:698 cpu.log/(95823:95823): 0000000000000000
[INFO] 06:24:07:341 cpu.log/(95823:95823): PID: <1000> recibido desde el Kernel para ejecutar.
[WARNING] 06:24:15:617 cpu.log/(95823:95823): AX: HOLA
[WARNING] 06:24:15:832 cpu.log/(95823:95823): BX: 0000
[WARNING] 06:24:16:035 cpu.log/(95823:95823): CX: 0000
[WARNING] 06:24:16:251 cpu.log/(95823:95823): DX: 0000
[WARNING] 06:24:16:463 cpu.log/(95823:95823): EAX: 00000000
[WARNING] 06:24:16:635 cpu.log/(95823:95823): EBX: 00000000
[WARNING] 06:24:16:848 cpu.log/(95823:95823): ECX: 00000000
[WARNING] 06:24:17:024 cpu.log/(95823:95823): EDX: 00000000
[WARNING] 06:24:17:264 cpu.log/(95823:95823): RAX: 0000000000000000
[WARNING] 06:24:17:416 cpu.log/(95823:95823): RBX: 0000000000000000
[WARNING] 06:24:17:599 cpu.log/(95823:95823): RCX: 0000000000000000
[WARNING] 06:24:18:041 cpu.log/(95823:95823): RDX: 0000000000000000
[INFO] 06:24:19:098 cpu.log/(95823:95823): CPU esperando a recibir un nuevo proceso para ejecutar.
[INFO] 06:24:30:519 cpu.log/(95823:95823): Los registros que trajo PID: <1000> son: 
[INFO] 06:24:30:702 cpu.log/(95823:95823): HOLA
[INFO] 06:24:30:896 cpu.log/(95823:95823): 0000
[INFO] 06:24:31:069 cpu.log/(95823:95823): 0000
[INFO] 06:24:31:244 cpu.log/(95823:95823): 0000
[INFO] 06:24:31:425 cpu.log/(95823:95823): 00000000
[INFO] 06:24:31:579 cpu.log/(95823:95823): 00000000
[INFO] 06:24:31:796 cpu.log/(95823:95823): 00000000
[INFO] 06:24:31:910 cpu.log/(95823:95823): 00000000
[INFO] 06:24:32:061 cpu.log/(95823:95823): 0000000000000000
[INFO] 06:24:32:185 cpu.log/(95823:95823): 0000000000000000
[INFO] 06:24:32:338 cpu.log/(95823:95823): 0000000000000000
[INFO] 06:24:32:722 cpu.log/(95823:95823): 0000000000000000
[INFO] 06:24:33:134 cpu.log/(95823:95823): PID: <1000> recibido desde el Kernel para ejecutar.
[WARNING] 06:25:10:856 cpu.log/(95823:95823): AX: HOLA
[WARNING] 06:25:11:064 cpu.log/(95823:95823): BX: 0000
[WARNING] 06:25:11:248 cpu.log/(95823:95823): CX: 0000
[WARNING] 06:25:11:574 cpu.log/(95823:95823): DX: 0000
[WARNING] 06:25:11:640 cpu.log/(95823:95823): EAX: 00000000
[WARNING] 06:25:11:818 cpu.log/(95823:95823): EBX: 00000000
[WARNING] 06:25:11:997 cpu.log/(95823:95823): ECX: 00000000
[WARNING] 06:25:12:178 cpu.log/(95823:95823): EDX: 00000000
[WARNING] 06:25:13:684 cpu.log/(95823:95823): RAX: 0000000000000000
[WARNING] 06:25:14:965 cpu.log/(95823:95823): RBX: 0000000000000000
[WARNING] 06:25:15:195 cpu.log/(95823:95823): RCX: 0000000000000000
[WARNING] 06:25:15:404 cpu.log/(95823:95823): RDX: 0000000000000000
[INFO] 06:25:17:269 cpu.log/(95823:95823): CPU esperando a recibir un nuevo proceso para ejecutar.
[INFO] 06:25:24:048 cpu.log/(95823:95823): Los registros que trajo PID: <1000> son: 
[INFO] 06:25:24:149 cpu.log/(95823:95823): HOLA
[INFO] 06:25:24:249 cpu.log/(95823:95823): 0000
[INFO] 06:25:24:408 cpu.log/(95823:95823): 0000
[INFO] 06:25:24:507 cpu.log/(95823:95823): 0000
[INFO] 06:25:24:650 cpu.log/(95823:95823): 00000000
[INFO] 06:25:24:758 cpu.log/(95823:95823): 00000000
[INFO] 06:25:25:065 cpu.log/(95823:95823): 00000000
[INFO] 06:25:25:255 cpu.log/(95823:95823): 00000000
[INFO] 06:25:25:427 cpu.log/(95823:95823): 0000000000000000
[INFO] 06:25:25:579 cpu.log/(95823:95823): 0000000000000000
[INFO] 06:25:25:735 cpu.log/(95823:95823): 0000000000000000
[INFO] 06:25:25:942 cpu.log/(95823:95823): 0000000000000000
[INFO] 06:25:26:167 cpu.log/(95823:95823): PID: <1000> recibido desde el Kernel para ejecutar.
[WARNING] 06:25:37:593 cpu.log/(95823:95823): AX: HOLA
[WARNING] 06:25:37:772 cpu.log/(95823:95823): BX: 0000
[WARNING] 06:25:37:955 cpu.log/(95823:95823): CX: 0000
[WARNING] 06:25:38:105 cpu.log/(95823:95823): DX: 0000
[WARNING] 06:25:38:257 cpu.log/(95823:95823): EAX: 00000000
[WARNING] 06:25:38:381 cpu.log/(95823:95823): EBX: 00000000
[WARNING] 06:25:38:532 cpu.log/(95823:95823): ECX: 00000000
[WARNING] 06:25:38:655 cpu.log/(95823:95823): EDX: 00000000
[WARNING] 06:25:38:778 cpu.log/(95823:95823): RAX: 0000000000000000
[WARNING] 06:25:38:903 cpu.log/(95823:95823): RBX: 0000000000000000
[WARNING] 06:25:39:070 cpu.log/(95823:95823): RCX: 0000000000000000
[WARNING] 06:25:39:223 cpu.log/(95823:95823): RDX: 0000000000000000
[INFO] 06:25:40:152 cpu.log/(95823:95823): CPU esperando a recibir un nuevo proceso para ejecutar.
[INFO] 06:26:04:781 cpu.log/(95823:95823): Los registros que trajo PID: <1001> son: 
[INFO] 06:26:04:782 cpu.log/(95823:95823): 0000
[INFO] 06:26:04:782 cpu.log/(95823:95823): 0000
[INFO] 06:26:04:782 cpu.log/(95823:95823): 0000
[INFO] 06:26:04:782 cpu.log/(95823:95823): 0000
[INFO] 06:26:04:782 cpu.log/(95823:95823): 00000000
[INFO] 06:26:04:782 cpu.log/(95823:95823): 00000000
[INFO] 06:26:04:782 cpu.log/(95823:95823): 00000000
[INFO] 06:26:04:782 cpu.log/(95823:95823): 00000000
[INFO] 06:26:04:782 cpu.log/(95823:95823): 0000000000000000
[INFO] 06:26:04:782 cpu.log/(95823:95823): 0000000000000000
[INFO] 06:26:04:782 cpu.log/(95823:95823): 0000000000000000
[INFO] 06:26:04:782 cpu.log/(95823:95823): 0000000000000000
[INFO] 06:26:04:782 cpu.log/(95823:95823): PID: <1001> recibido desde el Kernel para ejecutar.
[WARNING] 06:26:04:796 cpu.log/(95823:95823): AX: SOYL
[WARNING] 06:26:04:797 cpu.log/(95823:95823): BX: ACON
[WARNING] 06:26:04:797 cpu.log/(95823:95823): CX: SOLA
[WARNING] 06:26:04:797 cpu.log/(95823:95823): DX: LIMP
[WARNING] 06:26:04:797 cpu.log/(95823:95823): EAX: IADORA!P
[WARNING] 06:26:04:797 cpu.log/(95823:95823): EBX: ONGOTODO
[WARNING] 06:26:04:797 cpu.log/(95823:95823): ECX: CON0DENU
[WARNING] 06:26:04:797 cpu.log/(95823:95823): EDX: EVO!0000
[WARNING] 06:26:04:797 cpu.log/(95823:95823): RAX: 0000000000000000
[WARNING] 06:26:04:797 cpu.log/(95823:95823): RBX: 0000000000000000
[WARNING] 06:26:04:797 cpu.log/(95823:95823): RCX: 0000000000000000
[WARNING] 06:26:04:797 cpu.log/(95823:95823): RDX: 0000000000000000
[INFO] 06:26:04:797 cpu.log/(95823:95823): CPU esperando a recibir un nuevo proceso para ejecutar.
[INFO] 06:26:09:804 cpu.log/(95823:95823): Los registros que trajo PID: <1001> son: 
[INFO] 06:26:09:804 cpu.log/(95823:95823): SOYL
[INFO] 06:26:09:805 cpu.log/(95823:95823): ACON
[INFO] 06:26:09:805 cpu.log/(95823:95823): SOLA
[INFO] 06:26:09:805 cpu.log/(95823:95823): LIMP
[INFO] 06:26:09:805 cpu.log/(95823:95823): IADORA!P
[INFO] 06:26:09:806 cpu.log/(95823:95823): ONGOTODO
[INFO] 06:26:09:806 cpu.log/(95823:95823): CON0DENU
[INFO] 06:26:09:806 cpu.log/(95823:95823): EVO!0000
[INFO] 06:26:09:806 cpu.log/(95823:95823): 0000000000000000
[INFO] 06:26:09:806 cpu.log/(95823:95823): 0000000000000000
[INFO] 06:26:09:806 cpu.log/(95823:95823): 0000000000000000
[INFO] 06:26:09:806 cpu.log/(95823:95823): 0000000000000000
[INFO] 06:26:09:807 cpu.log/(95823:95823): PID: <1001> recibido desde el Kernel para ejecutar.
[WARNING] 06:26:09:821 cpu.log/(95823:95823): AX: 0000
[WARNING] 06:26:09:822 cpu.log/(95823:95823): BX: 0000
[WARNING] 06:26:09:822 cpu.log/(95823:95823): CX: 0000
[WARNING] 06:26:09:822 cpu.log/(95823:95823): DX: 0000
[WARNING] 06:26:09:822 cpu.log/(95823:95823): EAX: 00000000
[WARNING] 06:26:09:822 cpu.log/(95823:95823): EBX: 00000000
[WARNING] 06:26:09:822 cpu.log/(95823:95823): ECX: 00000000
[WARNING] 06:26:09:822 cpu.log/(95823:95823): EDX: 00000000
[WARNING] 06:26:09:822 cpu.log/(95823:95823): RAX: 0000000000000000
[WARNING] 06:26:09:822 cpu.log/(95823:95823): RBX: 0000000000000000
[WARNING] 06:26:09:822 cpu.log/(95823:95823): RCX: 0000000000000000
[WARNING] 06:26:09:822 cpu.log/(95823:95823): RDX: 0000000000000000
[INFO] 06:26:09:822 cpu.log/(95823:95823): CPU esperando a recibir un nuevo proceso para ejecutar.
[INFO] 06:44:46:512 cpu.log/(96862:96862): Hola! Se inicializo el modulo cliente CPU.
[INFO] 06:44:46:816 cpu.log/(96862:96862): La configuracion de la conexion indica el PUERTO 127.0.0.1 y la IP 8888
[INFO] 06:44:47:318 cpu.log/(96862:96862): CPU inicializado, esperando a recibir al Kernel en el PUERTO 8888.

[INFO] 06:44:54:814 cpu.log/(96862:96862): Cliente conectado (a CPU)

[INFO] 06:45:09:571 cpu.log/(96862:96862): CPU esperando a recibir un nuevo proceso para ejecutar.
[INFO] 06:45:22:438 cpu.log/(96862:96862): Los registros que trajo PID: <1000> son: 
[INFO] 06:45:22:542 cpu.log/(96862:96862): 0000
[INFO] 06:45:22:646 cpu.log/(96862:96862): 0000
[INFO] 06:45:22:750 cpu.log/(96862:96862): 0000
[INFO] 06:45:22:852 cpu.log/(96862:96862): 0000
[INFO] 06:45:22:952 cpu.log/(96862:96862): 00000000
[INFO] 06:45:23:053 cpu.log/(96862:96862): 00000000
[INFO] 06:45:23:156 cpu.log/(96862:96862): 00000000
[INFO] 06:45:23:256 cpu.log/(96862:96862): 00000000
[INFO] 06:45:23:358 cpu.log/(96862:96862): 0000000000000000
[INFO] 06:45:23:461 cpu.log/(96862:96862): 0000000000000000
[INFO] 06:45:23:565 cpu.log/(96862:96862): 0000000000000000
[INFO] 06:45:24:298 cpu.log/(96862:96862): 0000000000000000
[INFO] 06:45:38:796 cpu.log/(96862:96862): PID: <1000> recibido desde el Kernel para ejecutar.
[INFO] 06:54:59:391 cpu.log/(97520:97520): Hola! Se inicializo el modulo cliente CPU.
[INFO] 06:54:59:904 cpu.log/(97520:97520): La configuracion de la conexion indica el PUERTO 127.0.0.1 y la IP 8888
[INFO] 06:55:00:554 cpu.log/(97520:97520): CPU inicializado, esperando a recibir al Kernel en el PUERTO 8888.

[INFO] 06:55:09:115 cpu.log/(97520:97520): Cliente conectado (a CPU)

[INFO] 06:55:19:878 cpu.log/(97520:97520): CPU esperando a recibir un nuevo proceso para ejecutar.
[INFO] 06:55:25:481 cpu.log/(97520:97520): Los registros que trajo PID: <1000> son: 
[INFO] 06:55:25:585 cpu.log/(97520:97520): 0000
[INFO] 06:55:25:693 cpu.log/(97520:97520): 0000
[INFO] 06:55:25:794 cpu.log/(97520:97520): 0000
[INFO] 06:55:25:914 cpu.log/(97520:97520): 0000
[INFO] 06:55:26:054 cpu.log/(97520:97520): 00000000
[INFO] 06:55:26:162 cpu.log/(97520:97520): 00000000
[INFO] 06:55:26:262 cpu.log/(97520:97520): 00000000
[INFO] 06:55:26:418 cpu.log/(97520:97520): 00000000
[INFO] 06:55:26:517 cpu.log/(97520:97520): 0000000000000000
[INFO] 06:55:27:024 cpu.log/(97520:97520): 0000000000000000
[INFO] 06:55:27:288 cpu.log/(97520:97520): 0000000000000000
[INFO] 06:55:27:674 cpu.log/(97520:97520): 0000000000000000
[INFO] 06:55:28:110 cpu.log/(97520:97520): PID: <1000> recibido desde el Kernel para ejecutar.
[WARNING] 06:56:00:409 cpu.log/(97520:97520): AX: EJEC
[WARNING] 06:56:00:927 cpu.log/(97520:97520): BX: OPEN
[WARNING] 06:56:01:194 cpu.log/(97520:97520): CX: 0000
[WARNING] 06:56:01:434 cpu.log/(97520:97520): DX: 0000
[WARNING] 06:56:01:660 cpu.log/(97520:97520): EAX: 00000000
[WARNING] 06:56:01:824 cpu.log/(97520:97520): EBX: 00000000
[WARNING] 06:56:02:054 cpu.log/(97520:97520): ECX: 00000000
[WARNING] 06:56:02:298 cpu.log/(97520:97520): EDX: 00000000
[WARNING] 06:56:02:525 cpu.log/(97520:97520): RAX: 0000000000000000
[WARNING] 06:56:02:775 cpu.log/(97520:97520): RBX: 0000000000000000
[WARNING] 06:56:03:069 cpu.log/(97520:97520): RCX: 0000000000000000
[WARNING] 06:56:03:597 cpu.log/(97520:97520): RDX: 0000000000000000
[INFO] 06:56:05:027 cpu.log/(97520:97520): CPU esperando a recibir un nuevo proceso para ejecutar.
[INFO] 06:56:13:217 cpu.log/(97520:97520): Los registros que trajo PID: <1000> son: 
[INFO] 06:56:13:316 cpu.log/(97520:97520): EJEC
[INFO] 06:56:13:715 cpu.log/(97520:97520): OPEN
[INFO] 06:56:14:009 cpu.log/(97520:97520): 0000
[INFO] 06:56:14:250 cpu.log/(97520:97520): 0000
[INFO] 06:56:14:490 cpu.log/(97520:97520): 00000000
[INFO] 06:56:14:697 cpu.log/(97520:97520): 00000000
[INFO] 06:56:14:846 cpu.log/(97520:97520): 00000000
[INFO] 06:56:15:034 cpu.log/(97520:97520): 00000000
[INFO] 06:56:17:251 cpu.log/(97520:97520): 0000000000000000
[INFO] 06:56:17:465 cpu.log/(97520:97520): 0000000000000000
[INFO] 06:56:17:897 cpu.log/(97520:97520): 0000000000000000
[INFO] 06:56:18:225 cpu.log/(97520:97520): 0000000000000000
[INFO] 06:56:18:643 cpu.log/(97520:97520): PID: <1000> recibido desde el Kernel para ejecutar.
[WARNING] 06:56:49:315 cpu.log/(97520:97520): AX: EJEC
[WARNING] 06:56:49:582 cpu.log/(97520:97520): BX: OPEN
[WARNING] 06:56:49:850 cpu.log/(97520:97520): CX: EJEC
[WARNING] 06:56:50:090 cpu.log/(97520:97520): DX: SEEK
[WARNING] 06:56:50:383 cpu.log/(97520:97520): EAX: 00000000
[WARNING] 06:56:50:652 cpu.log/(97520:97520): EBX: 00000000
[WARNING] 06:56:50:917 cpu.log/(97520:97520): ECX: 00000000
[WARNING] 06:56:51:420 cpu.log/(97520:97520): EDX: 00000000
[WARNING] 06:56:51:521 cpu.log/(97520:97520): RAX: 0000000000000000
[WARNING] 06:56:51:853 cpu.log/(97520:97520): RBX: 0000000000000000
[WARNING] 06:56:52:095 cpu.log/(97520:97520): RCX: 0000000000000000
[WARNING] 06:56:52:416 cpu.log/(97520:97520): RDX: 0000000000000000
[INFO] 06:56:53:417 cpu.log/(97520:97520): CPU esperando a recibir un nuevo proceso para ejecutar.
[INFO] 06:57:00:915 cpu.log/(97520:97520): Los registros que trajo PID: <1000> son: 
[INFO] 06:57:01:196 cpu.log/(97520:97520): EJEC
[INFO] 06:57:01:377 cpu.log/(97520:97520): OPEN
[INFO] 06:57:01:623 cpu.log/(97520:97520): EJEC
[INFO] 06:57:02:115 cpu.log/(97520:97520): SEEK
[INFO] 06:57:02:215 cpu.log/(97520:97520): 00000000
[INFO] 06:57:02:316 cpu.log/(97520:97520): 00000000
[INFO] 06:57:02:668 cpu.log/(97520:97520): 00000000
[INFO] 06:57:02:894 cpu.log/(97520:97520): 00000000
[INFO] 06:57:03:104 cpu.log/(97520:97520): 0000000000000000
[INFO] 06:57:03:344 cpu.log/(97520:97520): 0000000000000000
[INFO] 06:57:03:581 cpu.log/(97520:97520): 0000000000000000
[INFO] 06:57:03:972 cpu.log/(97520:97520): 0000000000000000
[INFO] 06:57:04:320 cpu.log/(97520:97520): PID: <1000> recibido desde el Kernel para ejecutar.
[WARNING] 06:57:18:152 cpu.log/(97520:97520): AX: EJEC
[WARNING] 06:57:18:416 cpu.log/(97520:97520): BX: OPEN
[WARNING] 06:57:18:713 cpu.log/(97520:97520): CX: EJEC
[WARNING] 06:57:19:096 cpu.log/(97520:97520): DX: SEEK
[WARNING] 06:57:20:340 cpu.log/(97520:97520): EAX: EJECUTAR
[WARNING] 06:57:20:759 cpu.log/(97520:97520): EBX: TRUNCATE
[WARNING] 06:57:21:248 cpu.log/(97520:97520): ECX: 00000000
[WARNING] 06:57:21:661 cpu.log/(97520:97520): EDX: 00000000
[WARNING] 06:57:21:953 cpu.log/(97520:97520): RAX: 0000000000000000
[WARNING] 06:57:22:172 cpu.log/(97520:97520): RBX: 0000000000000000
[WARNING] 06:57:22:429 cpu.log/(97520:97520): RCX: 0000000000000000
[WARNING] 06:57:22:695 cpu.log/(97520:97520): RDX: 0000000000000000
[INFO] 06:57:23:757 cpu.log/(97520:97520): CPU esperando a recibir un nuevo proceso para ejecutar.
[INFO] 06:58:05:552 cpu.log/(98074:98074): Hola! Se inicializo el modulo cliente CPU.
[INFO] 06:58:05:552 cpu.log/(98074:98074): La configuracion de la conexion indica el PUERTO 127.0.0.1 y la IP 8888
[INFO] 06:59:19:584 cpu.log/(98088:98088): Hola! Se inicializo el modulo cliente CPU.
[INFO] 06:59:19:585 cpu.log/(98088:98088): La configuracion de la conexion indica el PUERTO 127.0.0.1 y la IP 8888
[INFO] 06:59:19:585 cpu.log/(98088:98088): CPU inicializado, esperando a recibir al Kernel en el PUERTO 8888.

[INFO] 06:59:29:403 cpu.log/(98088:98088): Cliente conectado (a CPU)

[INFO] 06:59:29:404 cpu.log/(98088:98088): CPU esperando a recibir un nuevo proceso para ejecutar.
[INFO] 07:00:38:139 cpu.log/(98088:98088): Los registros que trajo PID: <1000> son: 
[INFO] 07:00:38:139 cpu.log/(98088:98088): 0000
[INFO] 07:00:38:139 cpu.log/(98088:98088): 0000
[INFO] 07:00:38:139 cpu.log/(98088:98088): 0000
[INFO] 07:00:38:140 cpu.log/(98088:98088): 0000
[INFO] 07:00:38:140 cpu.log/(98088:98088): 00000000
[INFO] 07:00:38:140 cpu.log/(98088:98088): 00000000
[INFO] 07:00:38:140 cpu.log/(98088:98088): 00000000
[INFO] 07:00:38:140 cpu.log/(98088:98088): 00000000
[INFO] 07:00:38:140 cpu.log/(98088:98088): 0000000000000000
[INFO] 07:00:38:140 cpu.log/(98088:98088): 0000000000000000
[INFO] 07:00:38:140 cpu.log/(98088:98088): 0000000000000000
[INFO] 07:00:38:140 cpu.log/(98088:98088): 0000000000000000
[INFO] 07:00:38:140 cpu.log/(98088:98088): PID: <1000> recibido desde el Kernel para ejecutar.
[WARNING] 07:00:40:172 cpu.log/(98088:98088): AX: EJEC
[WARNING] 07:00:40:172 cpu.log/(98088:98088): BX: OPEN
[WARNING] 07:00:40:172 cpu.log/(98088:98088): CX: 0000
[WARNING] 07:00:40:172 cpu.log/(98088:98088): DX: 0000
[WARNING] 07:00:40:172 cpu.log/(98088:98088): EAX: 00000000
[WARNING] 07:00:40:172 cpu.log/(98088:98088): EBX: 00000000
[WARNING] 07:00:40:172 cpu.log/(98088:98088): ECX: 00000000
[WARNING] 07:00:40:172 cpu.log/(98088:98088): EDX: 00000000
[WARNING] 07:00:40:172 cpu.log/(98088:98088): RAX: 0000000000000000
[WARNING] 07:00:40:173 cpu.log/(98088:98088): RBX: 0000000000000000
[WARNING] 07:00:40:173 cpu.log/(98088:98088): RCX: 0000000000000000
[WARNING] 07:00:40:173 cpu.log/(98088:98088): RDX: 0000000000000000
[INFO] 07:00:40:173 cpu.log/(98088:98088): CPU esperando a recibir un nuevo proceso para ejecutar.
[INFO] 07:01:36:576 cpu.log/(98088:98088): Los registros que trajo PID: <1000> son: 
[INFO] 07:01:36:576 cpu.log/(98088:98088): EJEC
[INFO] 07:01:36:576 cpu.log/(98088:98088): OPEN
[INFO] 07:01:36:576 cpu.log/(98088:98088): 0000
[INFO] 07:01:36:576 cpu.log/(98088:98088): 0000
[INFO] 07:01:36:576 cpu.log/(98088:98088): 00000000
[INFO] 07:01:36:576 cpu.log/(98088:98088): 00000000
[INFO] 07:01:36:576 cpu.log/(98088:98088): 00000000
[INFO] 07:01:36:576 cpu.log/(98088:98088): 00000000
[INFO] 07:01:36:576 cpu.log/(98088:98088): 0000000000000000
[INFO] 07:01:36:576 cpu.log/(98088:98088): 0000000000000000
[INFO] 07:01:36:576 cpu.log/(98088:98088): 0000000000000000
[INFO] 07:01:36:576 cpu.log/(98088:98088): 0000000000000000
[INFO] 07:01:36:576 cpu.log/(98088:98088): PID: <1000> recibido desde el Kernel para ejecutar.
[WARNING] 07:01:38:578 cpu.log/(98088:98088): AX: EJEC
[WARNING] 07:01:38:578 cpu.log/(98088:98088): BX: OPEN
[WARNING] 07:01:38:578 cpu.log/(98088:98088): CX: EJEC
[WARNING] 07:01:38:578 cpu.log/(98088:98088): DX: SEEK
[WARNING] 07:01:38:578 cpu.log/(98088:98088): EAX: 00000000
[WARNING] 07:01:38:578 cpu.log/(98088:98088): EBX: 00000000
[WARNING] 07:01:38:578 cpu.log/(98088:98088): ECX: 00000000
[WARNING] 07:01:38:578 cpu.log/(98088:98088): EDX: 00000000
[WARNING] 07:01:38:578 cpu.log/(98088:98088): RAX: 0000000000000000
[WARNING] 07:01:38:578 cpu.log/(98088:98088): RBX: 0000000000000000
[WARNING] 07:01:38:578 cpu.log/(98088:98088): RCX: 0000000000000000
[WARNING] 07:01:38:578 cpu.log/(98088:98088): RDX: 0000000000000000
[INFO] 07:01:38:578 cpu.log/(98088:98088): CPU esperando a recibir un nuevo proceso para ejecutar.
[INFO] 07:02:37:730 cpu.log/(98088:98088): Los registros que trajo PID: <1000> son: 
[INFO] 07:02:37:730 cpu.log/(98088:98088): EJEC
[INFO] 07:02:37:730 cpu.log/(98088:98088): OPEN
[INFO] 07:02:37:730 cpu.log/(98088:98088): EJEC
[INFO] 07:02:37:730 cpu.log/(98088:98088): SEEK
[INFO] 07:02:37:730 cpu.log/(98088:98088): 00000000
[INFO] 07:02:37:730 cpu.log/(98088:98088): 00000000
[INFO] 07:02:37:730 cpu.log/(98088:98088): 00000000
[INFO] 07:02:37:730 cpu.log/(98088:98088): 00000000
[INFO] 07:02:37:730 cpu.log/(98088:98088): 0000000000000000
[INFO] 07:02:37:730 cpu.log/(98088:98088): 0000000000000000
[INFO] 07:02:37:730 cpu.log/(98088:98088): 0000000000000000
[INFO] 07:02:37:730 cpu.log/(98088:98088): 0000000000000000
[INFO] 07:02:37:730 cpu.log/(98088:98088): PID: <1000> recibido desde el Kernel para ejecutar.
[WARNING] 07:02:39:732 cpu.log/(98088:98088): AX: EJEC
[WARNING] 07:02:39:732 cpu.log/(98088:98088): BX: OPEN
[WARNING] 07:02:39:732 cpu.log/(98088:98088): CX: EJEC
[WARNING] 07:02:39:732 cpu.log/(98088:98088): DX: SEEK
[WARNING] 07:02:39:732 cpu.log/(98088:98088): EAX: EJECUTAR
[WARNING] 07:02:39:732 cpu.log/(98088:98088): EBX: TRUNCATE
[WARNING] 07:02:39:732 cpu.log/(98088:98088): ECX: 00000000
[WARNING] 07:02:39:732 cpu.log/(98088:98088): EDX: 00000000
[WARNING] 07:02:39:732 cpu.log/(98088:98088): RAX: 0000000000000000
[WARNING] 07:02:39:732 cpu.log/(98088:98088): RBX: 0000000000000000
[WARNING] 07:02:39:732 cpu.log/(98088:98088): RCX: 0000000000000000
[WARNING] 07:02:39:732 cpu.log/(98088:98088): RDX: 0000000000000000
[INFO] 07:02:39:732 cpu.log/(98088:98088): CPU esperando a recibir un nuevo proceso para ejecutar.
[ERROR] 07:03:09:153 cpu.log/(98088:98088): [ERROR] Recibiste cualquier cosa desde Kernel.
[INFO] 07:04:53:836 cpu.log/(98708:98708): Hola! Se inicializo el modulo cliente CPU.
[INFO] 07:04:53:836 cpu.log/(98708:98708): La configuracion de la conexion indica el PUERTO 127.0.0.1 y la IP 8888
[INFO] 07:04:53:836 cpu.log/(98708:98708): CPU inicializado, esperando a recibir al Kernel en el PUERTO 8888.

[INFO] 07:04:58:518 cpu.log/(98708:98708): Cliente conectado (a CPU)

[INFO] 07:04:58:518 cpu.log/(98708:98708): CPU esperando a recibir un nuevo proceso para ejecutar.
[INFO] 07:05:05:040 cpu.log/(98708:98708): Los registros que trajo PID: <1000> son: 
[INFO] 07:05:05:040 cpu.log/(98708:98708): 0000
[INFO] 07:05:05:040 cpu.log/(98708:98708): 0000
[INFO] 07:05:05:040 cpu.log/(98708:98708): 0000
[INFO] 07:05:05:040 cpu.log/(98708:98708): 0000
[INFO] 07:05:05:040 cpu.log/(98708:98708): 00000000
[INFO] 07:05:05:040 cpu.log/(98708:98708): 00000000
[INFO] 07:05:05:040 cpu.log/(98708:98708): 00000000
[INFO] 07:05:05:040 cpu.log/(98708:98708): 00000000
[INFO] 07:05:05:040 cpu.log/(98708:98708): 0000000000000000
[INFO] 07:05:05:040 cpu.log/(98708:98708): 0000000000000000
[INFO] 07:05:05:040 cpu.log/(98708:98708): 0000000000000000
[INFO] 07:05:05:040 cpu.log/(98708:98708): 0000000000000000
[INFO] 07:05:05:040 cpu.log/(98708:98708): PID: <1000> recibido desde el Kernel para ejecutar.
[WARNING] 07:05:07:045 cpu.log/(98708:98708): AX: EJEC
[WARNING] 07:05:07:047 cpu.log/(98708:98708): BX: OPEN
[WARNING] 07:05:07:047 cpu.log/(98708:98708): CX: 0000
[WARNING] 07:05:07:047 cpu.log/(98708:98708): DX: 0000
[WARNING] 07:05:07:047 cpu.log/(98708:98708): EAX: 00000000
[WARNING] 07:05:07:048 cpu.log/(98708:98708): EBX: 00000000
[WARNING] 07:05:07:048 cpu.log/(98708:98708): ECX: 00000000
[WARNING] 07:05:07:048 cpu.log/(98708:98708): EDX: 00000000
[WARNING] 07:05:07:049 cpu.log/(98708:98708): RAX: 0000000000000000
[WARNING] 07:05:07:049 cpu.log/(98708:98708): RBX: 0000000000000000
[WARNING] 07:05:07:049 cpu.log/(98708:98708): RCX: 0000000000000000
[WARNING] 07:05:07:049 cpu.log/(98708:98708): RDX: 0000000000000000
[INFO] 07:05:07:049 cpu.log/(98708:98708): CPU esperando a recibir un nuevo proceso para ejecutar.
[INFO] 07:05:07:049 cpu.log/(98708:98708): Los registros que trajo PID: <1000> son: 
[INFO] 07:05:07:049 cpu.log/(98708:98708): EJEC
[INFO] 07:05:07:049 cpu.log/(98708:98708): OPEN
[INFO] 07:05:07:049 cpu.log/(98708:98708): 0000
[INFO] 07:05:07:049 cpu.log/(98708:98708): 0000
[INFO] 07:05:07:049 cpu.log/(98708:98708): 00000000
[INFO] 07:05:07:049 cpu.log/(98708:98708): 00000000
[INFO] 07:05:07:049 cpu.log/(98708:98708): 00000000
[INFO] 07:05:07:049 cpu.log/(98708:98708): 00000000
[INFO] 07:05:07:049 cpu.log/(98708:98708): 0000000000000000
[INFO] 07:05:07:049 cpu.log/(98708:98708): 0000000000000000
[INFO] 07:05:07:049 cpu.log/(98708:98708): 0000000000000000
[INFO] 07:05:07:049 cpu.log/(98708:98708): 0000000000000000
[INFO] 07:05:07:049 cpu.log/(98708:98708): PID: <1000> recibido desde el Kernel para ejecutar.
[WARNING] 07:05:09:051 cpu.log/(98708:98708): AX: EJEC
[WARNING] 07:05:09:053 cpu.log/(98708:98708): BX: OPEN
[WARNING] 07:05:09:053 cpu.log/(98708:98708): CX: EJEC
[WARNING] 07:05:09:053 cpu.log/(98708:98708): DX: SEEK
[WARNING] 07:05:09:054 cpu.log/(98708:98708): EAX: 00000000
[WARNING] 07:05:09:054 cpu.log/(98708:98708): EBX: 00000000
[WARNING] 07:05:09:054 cpu.log/(98708:98708): ECX: 00000000
[WARNING] 07:05:09:055 cpu.log/(98708:98708): EDX: 00000000
[WARNING] 07:05:09:055 cpu.log/(98708:98708): RAX: 0000000000000000
[WARNING] 07:05:09:055 cpu.log/(98708:98708): RBX: 0000000000000000
[WARNING] 07:05:09:055 cpu.log/(98708:98708): RCX: 0000000000000000
[WARNING] 07:05:09:056 cpu.log/(98708:98708): RDX: 0000000000000000
[INFO] 07:05:09:056 cpu.log/(98708:98708): CPU esperando a recibir un nuevo proceso para ejecutar.
[INFO] 07:05:09:056 cpu.log/(98708:98708): Los registros que trajo PID: <1000> son: 
[INFO] 07:05:09:056 cpu.log/(98708:98708): EJEC
[INFO] 07:05:09:056 cpu.log/(98708:98708): OPEN
[INFO] 07:05:09:056 cpu.log/(98708:98708): EJEC
[INFO] 07:05:09:056 cpu.log/(98708:98708): SEEK
[INFO] 07:05:09:056 cpu.log/(98708:98708): 00000000
[INFO] 07:05:09:056 cpu.log/(98708:98708): 00000000
[INFO] 07:05:09:056 cpu.log/(98708:98708): 00000000
[INFO] 07:05:09:056 cpu.log/(98708:98708): 00000000
[INFO] 07:05:09:056 cpu.log/(98708:98708): 0000000000000000
[INFO] 07:05:09:056 cpu.log/(98708:98708): 0000000000000000
[INFO] 07:05:09:056 cpu.log/(98708:98708): 0000000000000000
[INFO] 07:05:09:056 cpu.log/(98708:98708): 0000000000000000
[INFO] 07:05:09:056 cpu.log/(98708:98708): PID: <1000> recibido desde el Kernel para ejecutar.
[WARNING] 07:05:11:058 cpu.log/(98708:98708): AX: EJEC
[WARNING] 07:05:11:059 cpu.log/(98708:98708): BX: OPEN
[WARNING] 07:05:11:059 cpu.log/(98708:98708): CX: EJEC
[WARNING] 07:05:11:059 cpu.log/(98708:98708): DX: SEEK
[WARNING] 07:05:11:059 cpu.log/(98708:98708): EAX: EJECUTAR
[WARNING] 07:05:11:059 cpu.log/(98708:98708): EBX: TRUNCATE
[WARNING] 07:05:11:059 cpu.log/(98708:98708): ECX: 00000000
[WARNING] 07:05:11:059 cpu.log/(98708:98708): EDX: 00000000
[WARNING] 07:05:11:059 cpu.log/(98708:98708): RAX: 0000000000000000
[WARNING] 07:05:11:059 cpu.log/(98708:98708): RBX: 0000000000000000
[WARNING] 07:05:11:059 cpu.log/(98708:98708): RCX: 0000000000000000
[WARNING] 07:05:11:060 cpu.log/(98708:98708): RDX: 0000000000000000
[INFO] 07:05:11:060 cpu.log/(98708:98708): CPU esperando a recibir un nuevo proceso para ejecutar.
[INFO] 07:05:11:060 cpu.log/(98708:98708): Los registros que trajo PID: <1000> son: 
[INFO] 07:05:11:060 cpu.log/(98708:98708): EJEC
[INFO] 07:05:11:060 cpu.log/(98708:98708): OPEN
[INFO] 07:05:11:060 cpu.log/(98708:98708): EJEC
[INFO] 07:05:11:060 cpu.log/(98708:98708): SEEK
[INFO] 07:05:11:060 cpu.log/(98708:98708): EJECUTAR
[INFO] 07:05:11:060 cpu.log/(98708:98708): TRUNCATE
[INFO] 07:05:11:060 cpu.log/(98708:98708): 00000000
[INFO] 07:05:11:060 cpu.log/(98708:98708): 00000000
[INFO] 07:05:11:060 cpu.log/(98708:98708): 0000000000000000
[INFO] 07:05:11:060 cpu.log/(98708:98708): 0000000000000000
[INFO] 07:05:11:060 cpu.log/(98708:98708): 0000000000000000
[INFO] 07:05:11:060 cpu.log/(98708:98708): 0000000000000000
[INFO] 07:05:11:060 cpu.log/(98708:98708): PID: <1000> recibido desde el Kernel para ejecutar.
[WARNING] 07:05:13:072 cpu.log/(98708:98708): AX: EJEC
[WARNING] 07:05:13:072 cpu.log/(98708:98708): BX: OPEN
[WARNING] 07:05:13:072 cpu.log/(98708:98708): CX: EJEC
[WARNING] 07:05:13:072 cpu.log/(98708:98708): DX: SEEK
[WARNING] 07:05:13:072 cpu.log/(98708:98708): EAX: EJECUTAR
[WARNING] 07:05:13:072 cpu.log/(98708:98708): EBX: TRUNCATE
[WARNING] 07:05:13:072 cpu.log/(98708:98708): ECX: EJECUTAR
[WARNING] 07:05:13:072 cpu.log/(98708:98708): EDX: F_CLOSE_
[WARNING] 07:05:13:072 cpu.log/(98708:98708): RAX: 0000000000000000
[WARNING] 07:05:13:072 cpu.log/(98708:98708): RBX: 0000000000000000
[WARNING] 07:05:13:072 cpu.log/(98708:98708): RCX: 0000000000000000
[WARNING] 07:05:13:072 cpu.log/(98708:98708): RDX: 0000000000000000
[INFO] 07:05:13:072 cpu.log/(98708:98708): CPU esperando a recibir un nuevo proceso para ejecutar.
[INFO] 07:05:13:073 cpu.log/(98708:98708): Los registros que trajo PID: <1000> son: 
[INFO] 07:05:13:073 cpu.log/(98708:98708): EJEC
[INFO] 07:05:13:073 cpu.log/(98708:98708): OPEN
[INFO] 07:05:13:073 cpu.log/(98708:98708): EJEC
[INFO] 07:05:13:073 cpu.log/(98708:98708): SEEK
[INFO] 07:05:13:073 cpu.log/(98708:98708): EJECUTAR
[INFO] 07:05:13:073 cpu.log/(98708:98708): TRUNCATE
[INFO] 07:05:13:073 cpu.log/(98708:98708): EJECUTAR
[INFO] 07:05:13:073 cpu.log/(98708:98708): F_CLOSE_
[INFO] 07:05:13:073 cpu.log/(98708:98708): 0000000000000000
[INFO] 07:05:13:073 cpu.log/(98708:98708): 0000000000000000
[INFO] 07:05:13:073 cpu.log/(98708:98708): 0000000000000000
[INFO] 07:05:13:073 cpu.log/(98708:98708): 0000000000000000
[INFO] 07:05:13:073 cpu.log/(98708:98708): PID: <1000> recibido desde el Kernel para ejecutar.
[WARNING] 07:05:13:073 cpu.log/(98708:98708): AX: EJEC
[WARNING] 07:05:13:073 cpu.log/(98708:98708): BX: OPEN
[WARNING] 07:05:13:073 cpu.log/(98708:98708): CX: EJEC
[WARNING] 07:05:13:073 cpu.log/(98708:98708): DX: SEEK
[WARNING] 07:05:13:073 cpu.log/(98708:98708): EAX: EJECUTAR
[WARNING] 07:05:13:073 cpu.log/(98708:98708): EBX: TRUNCATE
[WARNING] 07:05:13:073 cpu.log/(98708:98708): ECX: EJECUTAR
[WARNING] 07:05:13:073 cpu.log/(98708:98708): EDX: F_CLOSE_
[WARNING] 07:05:13:073 cpu.log/(98708:98708): RAX: 0000000000000000
[WARNING] 07:05:13:073 cpu.log/(98708:98708): RBX: 0000000000000000
[WARNING] 07:05:13:073 cpu.log/(98708:98708): RCX: 0000000000000000
[WARNING] 07:05:13:073 cpu.log/(98708:98708): RDX: 0000000000000000
[INFO] 07:05:13:073 cpu.log/(98708:98708): CPU esperando a recibir un nuevo proceso para ejecutar.
[INFO] 07:05:18:076 cpu.log/(98708:98708): Los registros que trajo PID: <1000> son: 
[INFO] 07:05:18:077 cpu.log/(98708:98708): EJEC
[INFO] 07:05:18:077 cpu.log/(98708:98708): OPEN
[INFO] 07:05:18:077 cpu.log/(98708:98708): EJEC
[INFO] 07:05:18:077 cpu.log/(98708:98708): SEEK
[INFO] 07:05:18:077 cpu.log/(98708:98708): EJECUTAR
[INFO] 07:05:18:077 cpu.log/(98708:98708): TRUNCATE
[INFO] 07:05:18:077 cpu.log/(98708:98708): EJECUTAR
[INFO] 07:05:18:077 cpu.log/(98708:98708): F_CLOSE_
[INFO] 07:05:18:077 cpu.log/(98708:98708): 0000000000000000
[INFO] 07:05:18:078 cpu.log/(98708:98708): 0000000000000000
[INFO] 07:05:18:078 cpu.log/(98708:98708): 0000000000000000
[INFO] 07:05:18:078 cpu.log/(98708:98708): 0000000000000000
[INFO] 07:05:18:078 cpu.log/(98708:98708): PID: <1000> recibido desde el Kernel para ejecutar.
[WARNING] 07:05:20:083 cpu.log/(98708:98708): AX: EJEC
[WARNING] 07:05:20:085 cpu.log/(98708:98708): BX: OPEN
[WARNING] 07:05:20:085 cpu.log/(98708:98708): CX: EJEC
[WARNING] 07:05:20:085 cpu.log/(98708:98708): DX: SEEK
[WARNING] 07:05:20:086 cpu.log/(98708:98708): EAX: EJECUTAR
[WARNING] 07:05:20:086 cpu.log/(98708:98708): EBX: TRUNCATE
[WARNING] 07:05:20:088 cpu.log/(98708:98708): ECX: EJECUTAR
[WARNING] 07:05:20:088 cpu.log/(98708:98708): EDX: F_CLOSE_
[WARNING] 07:05:20:088 cpu.log/(98708:98708): RAX: TERMINAR_PROCESO
[WARNING] 07:05:20:088 cpu.log/(98708:98708): RBX: CHARLY_GARCIA.MP
[WARNING] 07:05:20:088 cpu.log/(98708:98708): RCX: 0000000000000000
[WARNING] 07:05:20:088 cpu.log/(98708:98708): RDX: 0000000000000000
[INFO] 07:05:20:088 cpu.log/(98708:98708): CPU esperando a recibir un nuevo proceso para ejecutar.
[INFO] 07:05:37:407 cpu.log/(98708:98708): Los registros que trajo PID: <1001> son: 
[INFO] 07:05:37:407 cpu.log/(98708:98708): 0000
[INFO] 07:05:37:407 cpu.log/(98708:98708): 0000
[INFO] 07:05:37:407 cpu.log/(98708:98708): 0000
[INFO] 07:05:37:407 cpu.log/(98708:98708): 0000
[INFO] 07:05:37:407 cpu.log/(98708:98708): 00000000
[INFO] 07:05:37:407 cpu.log/(98708:98708): 00000000
[INFO] 07:05:37:407 cpu.log/(98708:98708): 00000000
[INFO] 07:05:37:407 cpu.log/(98708:98708): 00000000
[INFO] 07:05:37:407 cpu.log/(98708:98708): 0000000000000000
[INFO] 07:05:37:407 cpu.log/(98708:98708): 0000000000000000
[INFO] 07:05:37:407 cpu.log/(98708:98708): 0000000000000000
[INFO] 07:05:37:407 cpu.log/(98708:98708): 0000000000000000
[INFO] 07:05:37:407 cpu.log/(98708:98708): PID: <1001> recibido desde el Kernel para ejecutar.
[WARNING] 07:05:49:452 cpu.log/(98708:98708): AX: SOYL
[WARNING] 07:05:49:452 cpu.log/(98708:98708): BX: ACON
[WARNING] 07:05:49:452 cpu.log/(98708:98708): CX: SOLA
[WARNING] 07:05:49:452 cpu.log/(98708:98708): DX: LIMP
[WARNING] 07:05:49:454 cpu.log/(98708:98708): EAX: IADORA!P
[WARNING] 07:05:49:454 cpu.log/(98708:98708): EBX: ONGOTODO
[WARNING] 07:05:49:455 cpu.log/(98708:98708): ECX: CON0DENU
[WARNING] 07:05:49:455 cpu.log/(98708:98708): EDX: EVO!0000
[WARNING] 07:05:49:455 cpu.log/(98708:98708): RAX: 0000000000000000
[WARNING] 07:05:49:455 cpu.log/(98708:98708): RBX: 0000000000000000
[WARNING] 07:05:49:455 cpu.log/(98708:98708): RCX: 0000000000000000
[WARNING] 07:05:49:455 cpu.log/(98708:98708): RDX: 0000000000000000
[INFO] 07:05:49:455 cpu.log/(98708:98708): CPU esperando a recibir un nuevo proceso para ejecutar.
[INFO] 07:05:54:459 cpu.log/(98708:98708): Los registros que trajo PID: <1001> son: 
[INFO] 07:05:54:459 cpu.log/(98708:98708): SOYL
[INFO] 07:05:54:459 cpu.log/(98708:98708): ACON
[INFO] 07:05:54:459 cpu.log/(98708:98708): SOLA
[INFO] 07:05:54:459 cpu.log/(98708:98708): LIMP
[INFO] 07:05:54:460 cpu.log/(98708:98708): IADORA!P
[INFO] 07:05:54:460 cpu.log/(98708:98708): ONGOTODO
[INFO] 07:05:54:460 cpu.log/(98708:98708): CON0DENU
[INFO] 07:05:54:460 cpu.log/(98708:98708): EVO!0000
[INFO] 07:05:54:460 cpu.log/(98708:98708): 0000000000000000
[INFO] 07:05:54:460 cpu.log/(98708:98708): 0000000000000000
[INFO] 07:05:54:460 cpu.log/(98708:98708): 0000000000000000
[INFO] 07:05:54:460 cpu.log/(98708:98708): 0000000000000000
[INFO] 07:05:54:460 cpu.log/(98708:98708): PID: <1001> recibido desde el Kernel para ejecutar.
[WARNING] 07:06:02:486 cpu.log/(98708:98708): AX: 0000
[WARNING] 07:06:02:486 cpu.log/(98708:98708): BX: 0000
[WARNING] 07:06:02:486 cpu.log/(98708:98708): CX: 0000
[WARNING] 07:06:02:486 cpu.log/(98708:98708): DX: 0000
[WARNING] 07:06:02:486 cpu.log/(98708:98708): EAX: 00000000
[WARNING] 07:06:02:486 cpu.log/(98708:98708): EBX: 00000000
[WARNING] 07:06:02:486 cpu.log/(98708:98708): ECX: 00000000
[WARNING] 07:06:02:487 cpu.log/(98708:98708): EDX: 00000000
[WARNING] 07:06:02:487 cpu.log/(98708:98708): RAX: 0000000000000000
[WARNING] 07:06:02:487 cpu.log/(98708:98708): RBX: 0000000000000000
[WARNING] 07:06:02:487 cpu.log/(98708:98708): RCX: 0000000000000000
[WARNING] 07:06:02:487 cpu.log/(98708:98708): RDX: 0000000000000000
[INFO] 07:06:02:487 cpu.log/(98708:98708): CPU esperando a recibir un nuevo proceso para ejecutar.
[ERROR] 07:06:11:969 cpu.log/(98708:98708): [ERROR] Recibiste cualquier cosa desde Kernel.
[INFO] 01:06:41:903 cpu.log/(101222:101222): Hola! Se inicializo el modulo cliente CPU.
[INFO] 01:06:41:903 cpu.log/(101222:101222): La configuracion de la conexion indica el PUERTO 127.0.0.1 y la IP 8888
[INFO] 01:06:41:903 cpu.log/(101222:101222): CPU inicializado, esperando a recibir al Kernel en el PUERTO 8888.

[INFO] 01:07:44:517 cpu.log/(101222:101222): Cliente conectado (a CPU)

[INFO] 01:07:44:517 cpu.log/(101222:101222): CPU esperando a recibir un nuevo proceso para ejecutar.
[INFO] 01:08:01:980 cpu.log/(101222:101222): Los registros que trajo PID: <1000> son: 
[INFO] 01:08:01:980 cpu.log/(101222:101222): 0000
[INFO] 01:08:01:980 cpu.log/(101222:101222): 0000
[INFO] 01:08:01:980 cpu.log/(101222:101222): 0000
[INFO] 01:08:01:980 cpu.log/(101222:101222): 0000
[INFO] 01:08:01:980 cpu.log/(101222:101222): 00000000
[INFO] 01:08:01:980 cpu.log/(101222:101222): 00000000
[INFO] 01:08:01:980 cpu.log/(101222:101222): 00000000
[INFO] 01:08:01:980 cpu.log/(101222:101222): 00000000
[INFO] 01:08:01:980 cpu.log/(101222:101222): 0000000000000000
[INFO] 01:08:01:980 cpu.log/(101222:101222): 0000000000000000
[INFO] 01:08:01:980 cpu.log/(101222:101222): 0000000000000000
[INFO] 01:08:01:980 cpu.log/(101222:101222): 0000000000000000
[INFO] 01:08:01:980 cpu.log/(101222:101222): PID: <1000> recibido desde el Kernel para ejecutar.
[WARNING] 01:08:03:983 cpu.log/(101222:101222): AX: COMO
[WARNING] 01:08:03:983 cpu.log/(101222:101222): BX: DERE
[WARNING] 01:08:03:983 cpu.log/(101222:101222): CX: 0000
[WARNING] 01:08:03:983 cpu.log/(101222:101222): DX: 0000
[WARNING] 01:08:03:983 cpu.log/(101222:101222): EAX: 00000000
[WARNING] 01:08:03:983 cpu.log/(101222:101222): EBX: 00000000
[WARNING] 01:08:03:983 cpu.log/(101222:101222): ECX: 00000000
[WARNING] 01:08:03:983 cpu.log/(101222:101222): EDX: 00000000
[WARNING] 01:08:03:983 cpu.log/(101222:101222): RAX: 0000000000000000
[WARNING] 01:08:03:983 cpu.log/(101222:101222): RBX: 0000000000000000
[WARNING] 01:08:03:983 cpu.log/(101222:101222): RCX: 0000000000000000
[WARNING] 01:08:03:983 cpu.log/(101222:101222): RDX: 0000000000000000
[INFO] 01:08:03:983 cpu.log/(101222:101222): CPU esperando a recibir un nuevo proceso para ejecutar.
[INFO] 01:08:08:985 cpu.log/(101222:101222): Los registros que trajo PID: <1000> son: 
[INFO] 01:08:08:985 cpu.log/(101222:101222): COMO
[INFO] 01:08:08:985 cpu.log/(101222:101222): DERE
[INFO] 01:08:08:985 cpu.log/(101222:101222): 0000
[INFO] 01:08:08:985 cpu.log/(101222:101222): 0000
[INFO] 01:08:08:985 cpu.log/(101222:101222): 00000000
[INFO] 01:08:08:985 cpu.log/(101222:101222): 00000000
[INFO] 01:08:08:985 cpu.log/(101222:101222): 00000000
[INFO] 01:08:08:985 cpu.log/(101222:101222): 00000000
[INFO] 01:08:08:985 cpu.log/(101222:101222): 0000000000000000
[INFO] 01:08:08:985 cpu.log/(101222:101222): 0000000000000000
[INFO] 01:08:08:985 cpu.log/(101222:101222): 0000000000000000
[INFO] 01:08:08:985 cpu.log/(101222:101222): 0000000000000000
[INFO] 01:08:08:985 cpu.log/(101222:101222): PID: <1000> recibido desde el Kernel para ejecutar.
[WARNING] 01:08:10:986 cpu.log/(101222:101222): AX: COMO
[WARNING] 01:08:10:986 cpu.log/(101222:101222): BX: DERE
[WARNING] 01:08:10:986 cpu.log/(101222:101222): CX: PENT
[WARNING] 01:08:10:986 cpu.log/(101222:101222): DX: ETOD
[WARNING] 01:08:10:986 cpu.log/(101222:101222): EAX: 00000000
[WARNING] 01:08:10:986 cpu.log/(101222:101222): EBX: 00000000
[WARNING] 01:08:10:986 cpu.log/(101222:101222): ECX: 00000000
[WARNING] 01:08:10:986 cpu.log/(101222:101222): EDX: 00000000
[WARNING] 01:08:10:986 cpu.log/(101222:101222): RAX: 0000000000000000
[WARNING] 01:08:10:986 cpu.log/(101222:101222): RBX: 0000000000000000
[WARNING] 01:08:10:986 cpu.log/(101222:101222): RCX: 0000000000000000
[WARNING] 01:08:10:986 cpu.log/(101222:101222): RDX: 0000000000000000
[INFO] 01:08:10:986 cpu.log/(101222:101222): CPU esperando a recibir un nuevo proceso para ejecutar.
[INFO] 01:08:10:987 cpu.log/(101222:101222): Los registros que trajo PID: <1000> son: 
[INFO] 01:08:10:987 cpu.log/(101222:101222): COMO
[INFO] 01:08:10:987 cpu.log/(101222:101222): DERE
[INFO] 01:08:10:987 cpu.log/(101222:101222): PENT
[INFO] 01:08:10:987 cpu.log/(101222:101222): ETOD
[INFO] 01:08:10:987 cpu.log/(101222:101222): 00000000
[INFO] 01:08:10:987 cpu.log/(101222:101222): 00000000
[INFO] 01:08:10:987 cpu.log/(101222:101222): 00000000
[INFO] 01:08:10:987 cpu.log/(101222:101222): 00000000
[INFO] 01:08:10:987 cpu.log/(101222:101222): 0000000000000000
[INFO] 01:08:10:987 cpu.log/(101222:101222): 0000000000000000
[INFO] 01:08:10:987 cpu.log/(101222:101222): 0000000000000000
[INFO] 01:08:10:987 cpu.log/(101222:101222): 0000000000000000
[INFO] 01:08:10:987 cpu.log/(101222:101222): PID: <1000> recibido desde el Kernel para ejecutar.
[WARNING] 01:08:12:989 cpu.log/(101222:101222): AX: COMO
[WARNING] 01:08:12:989 cpu.log/(101222:101222): BX: DERE
[WARNING] 01:08:12:989 cpu.log/(101222:101222): CX: PENT
[WARNING] 01:08:12:989 cpu.log/(101222:101222): DX: ETOD
[WARNING] 01:08:12:989 cpu.log/(101222:101222): EAX: OESORDEN
[WARNING] 01:08:12:989 cpu.log/(101222:101222): EBX: ADODESDE
[WARNING] 01:08:12:989 cpu.log/(101222:101222): ECX: 00000000
[WARNING] 01:08:12:989 cpu.log/(101222:101222): EDX: 00000000
[WARNING] 01:08:12:989 cpu.log/(101222:101222): RAX: 0000000000000000
[WARNING] 01:08:12:989 cpu.log/(101222:101222): RBX: 0000000000000000
[WARNING] 01:08:12:989 cpu.log/(101222:101222): RCX: 0000000000000000
[WARNING] 01:08:12:989 cpu.log/(101222:101222): RDX: 0000000000000000
[INFO] 01:08:12:989 cpu.log/(101222:101222): CPU esperando a recibir un nuevo proceso para ejecutar.
[INFO] 01:08:17:990 cpu.log/(101222:101222): Los registros que trajo PID: <1000> son: 
[INFO] 01:08:17:990 cpu.log/(101222:101222): COMO
[INFO] 01:08:17:990 cpu.log/(101222:101222): DERE
[INFO] 01:08:17:990 cpu.log/(101222:101222): PENT
[INFO] 01:08:17:990 cpu.log/(101222:101222): ETOD
[INFO] 01:08:17:990 cpu.log/(101222:101222): OESORDEN
[INFO] 01:08:17:990 cpu.log/(101222:101222): ADODESDE
[INFO] 01:08:17:990 cpu.log/(101222:101222): 00000000
[INFO] 01:08:17:990 cpu.log/(101222:101222): 00000000
[INFO] 01:08:17:990 cpu.log/(101222:101222): 0000000000000000
[INFO] 01:08:17:990 cpu.log/(101222:101222): 0000000000000000
[INFO] 01:08:17:990 cpu.log/(101222:101222): 0000000000000000
[INFO] 01:08:17:990 cpu.log/(101222:101222): 0000000000000000
[INFO] 01:08:17:991 cpu.log/(101222:101222): PID: <1000> recibido desde el Kernel para ejecutar.
[WARNING] 01:08:19:995 cpu.log/(101222:101222): AX: COMO
[WARNING] 01:08:19:995 cpu.log/(101222:101222): BX: DERE
[WARNING] 01:08:19:995 cpu.log/(101222:101222): CX: PENT
[WARNING] 01:08:19:995 cpu.log/(101222:101222): DX: ETOD
[WARNING] 01:08:19:996 cpu.log/(101222:101222): EAX: OESORDEN
[WARNING] 01:08:19:996 cpu.log/(101222:101222): EBX: ADODESDE
[WARNING] 01:08:19:996 cpu.log/(101222:101222): ECX: QUEHASLL
[WARNING] 01:08:19:996 cpu.log/(101222:101222): EDX: EGADOMIV
[WARNING] 01:08:19:996 cpu.log/(101222:101222): RAX: 0000000000000000
[WARNING] 01:08:19:996 cpu.log/(101222:101222): RBX: 0000000000000000
[WARNING] 01:08:19:996 cpu.log/(101222:101222): RCX: 0000000000000000
[WARNING] 01:08:19:996 cpu.log/(101222:101222): RDX: 0000000000000000
[INFO] 01:08:19:996 cpu.log/(101222:101222): CPU esperando a recibir un nuevo proceso para ejecutar.
[INFO] 01:08:19:996 cpu.log/(101222:101222): Los registros que trajo PID: <1000> son: 
[INFO] 01:08:19:996 cpu.log/(101222:101222): COMO
[INFO] 01:08:19:996 cpu.log/(101222:101222): DERE
[INFO] 01:08:19:996 cpu.log/(101222:101222): PENT
[INFO] 01:08:19:996 cpu.log/(101222:101222): ETOD
[INFO] 01:08:19:996 cpu.log/(101222:101222): OESORDEN
[INFO] 01:08:19:996 cpu.log/(101222:101222): ADODESDE
[INFO] 01:08:19:996 cpu.log/(101222:101222): QUEHASLL
[INFO] 01:08:19:996 cpu.log/(101222:101222): EGADOMIV
[INFO] 01:08:19:996 cpu.log/(101222:101222): 0000000000000000
[INFO] 01:08:19:996 cpu.log/(101222:101222): 0000000000000000
[INFO] 01:08:19:996 cpu.log/(101222:101222): 0000000000000000
[INFO] 01:08:19:996 cpu.log/(101222:101222): 0000000000000000
[INFO] 01:08:19:996 cpu.log/(101222:101222): PID: <1000> recibido desde el Kernel para ejecutar.
[WARNING] 01:08:21:997 cpu.log/(101222:101222): AX: COMO
[WARNING] 01:08:21:997 cpu.log/(101222:101222): BX: DERE
[WARNING] 01:08:21:997 cpu.log/(101222:101222): CX: PENT
[WARNING] 01:08:21:997 cpu.log/(101222:101222): DX: ETOD
[WARNING] 01:08:21:997 cpu.log/(101222:101222): EAX: OESORDEN
[WARNING] 01:08:21:997 cpu.log/(101222:101222): EBX: ADODESDE
[WARNING] 01:08:21:997 cpu.log/(101222:101222): ECX: QUEHASLL
[WARNING] 01:08:21:997 cpu.log/(101222:101222): EDX: EGADOMIV
[WARNING] 01:08:21:997 cpu.log/(101222:101222): RAX: IDACAMBIOYANOSOY
[WARNING] 01:08:21:997 cpu.log/(101222:101222): RBX: LAMISMAQUETUCONO
[WARNING] 01:08:21:997 cpu.log/(101222:101222): RCX: 0000000000000000
[WARNING] 01:08:21:997 cpu.log/(101222:101222): RDX: 0000000000000000
[INFO] 01:08:21:997 cpu.log/(101222:101222): CPU esperando a recibir un nuevo proceso para ejecutar.
[INFO] 01:08:26:999 cpu.log/(101222:101222): Los registros que trajo PID: <1000> son: 
[INFO] 01:08:26:999 cpu.log/(101222:101222): COMO
[INFO] 01:08:26:999 cpu.log/(101222:101222): DERE
[INFO] 01:08:26:999 cpu.log/(101222:101222): PENT
[INFO] 01:08:26:999 cpu.log/(101222:101222): ETOD
[INFO] 01:08:26:999 cpu.log/(101222:101222): OESORDEN
[INFO] 01:08:26:999 cpu.log/(101222:101222): ADODESDE
[INFO] 01:08:26:999 cpu.log/(101222:101222): QUEHASLL
[INFO] 01:08:26:999 cpu.log/(101222:101222): EGADOMIV
[INFO] 01:08:26:999 cpu.log/(101222:101222): IDACAMBIOYANOSOY
[INFO] 01:08:26:999 cpu.log/(101222:101222): LAMISMAQUETUCONO
[INFO] 01:08:26:999 cpu.log/(101222:101222): 0000000000000000
[INFO] 01:08:26:999 cpu.log/(101222:101222): 0000000000000000
[INFO] 01:08:26:999 cpu.log/(101222:101222): PID: <1000> recibido desde el Kernel para ejecutar.
[WARNING] 01:08:29:010 cpu.log/(101222:101222): AX: COMO
[WARNING] 01:08:29:010 cpu.log/(101222:101222): BX: DERE
[WARNING] 01:08:29:010 cpu.log/(101222:101222): CX: PENT
[WARNING] 01:08:29:010 cpu.log/(101222:101222): DX: ETOD
[WARNING] 01:08:29:010 cpu.log/(101222:101222): EAX: OESORDEN
[WARNING] 01:08:29:010 cpu.log/(101222:101222): EBX: ADODESDE
[WARNING] 01:08:29:010 cpu.log/(101222:101222): ECX: QUEHASLL
[WARNING] 01:08:29:010 cpu.log/(101222:101222): EDX: EGADOMIV
[WARNING] 01:08:29:010 cpu.log/(101222:101222): RAX: IDACAMBIOYANOSOY
[WARNING] 01:08:29:010 cpu.log/(101222:101222): RBX: LAMISMAQUETUCONO
[WARNING] 01:08:29:010 cpu.log/(101222:101222): RCX: CISTEENTONCESAHO
[WARNING] 01:08:29:010 cpu.log/(101222:101222): RDX: RASOYMUCHOMEJOR!
[INFO] 01:08:29:011 cpu.log/(101222:101222): CPU esperando a recibir un nuevo proceso para ejecutar.
[INFO] 01:09:12:728 cpu.log/(101222:101222): Los registros que trajo PID: <1001> son: 
[INFO] 01:09:12:728 cpu.log/(101222:101222): 0000
[INFO] 01:09:12:728 cpu.log/(101222:101222): 0000
[INFO] 01:09:12:728 cpu.log/(101222:101222): 0000
[INFO] 01:09:12:728 cpu.log/(101222:101222): 0000
[INFO] 01:09:12:728 cpu.log/(101222:101222): 00000000
[INFO] 01:09:12:728 cpu.log/(101222:101222): 00000000
[INFO] 01:09:12:728 cpu.log/(101222:101222): 00000000
[INFO] 01:09:12:728 cpu.log/(101222:101222): 00000000
[INFO] 01:09:12:728 cpu.log/(101222:101222): 0000000000000000
[INFO] 01:09:12:728 cpu.log/(101222:101222): 0000000000000000
[INFO] 01:09:12:728 cpu.log/(101222:101222): 0000000000000000
[INFO] 01:09:12:728 cpu.log/(101222:101222): 0000000000000000
[INFO] 01:09:12:728 cpu.log/(101222:101222): PID: <1001> recibido desde el Kernel para ejecutar.
[WARNING] 01:09:21:751 cpu.log/(101222:101222): AX: SOY_
[WARNING] 01:09:21:751 cpu.log/(101222:101222): BX: LA__
[WARNING] 01:09:21:751 cpu.log/(101222:101222): CX: CONS
[WARNING] 01:09:21:751 cpu.log/(101222:101222): DX: OLA_
[WARNING] 01:09:21:751 cpu.log/(101222:101222): EAX: LIMPIADO
[WARNING] 01:09:21:751 cpu.log/(101222:101222): EBX: RA!_____
[WARNING] 01:09:21:751 cpu.log/(101222:101222): ECX: PONGO___
[WARNING] 01:09:21:751 cpu.log/(101222:101222): EDX: TODO_EN_
[WARNING] 01:09:21:751 cpu.log/(101222:101222): RAX: 0_DE_NUEVO!_____
[WARNING] 01:09:21:751 cpu.log/(101222:101222): RBX: LAMISMAQUETUCONO
[WARNING] 01:09:21:751 cpu.log/(101222:101222): RCX: CISTEENTONCESAHO
[WARNING] 01:09:21:751 cpu.log/(101222:101222): RDX: RASOYMUCHOMEJOR!
[INFO] 01:09:21:751 cpu.log/(101222:101222): CPU esperando a recibir un nuevo proceso para ejecutar.
[INFO] 01:09:26:753 cpu.log/(101222:101222): Los registros que trajo PID: <1001> son: 
[INFO] 01:09:26:753 cpu.log/(101222:101222): SOY_
[INFO] 01:09:26:753 cpu.log/(101222:101222): LA__
[INFO] 01:09:26:753 cpu.log/(101222:101222): CONS
[INFO] 01:09:26:753 cpu.log/(101222:101222): OLA_
[INFO] 01:09:26:753 cpu.log/(101222:101222): LIMPIADO
[INFO] 01:09:26:753 cpu.log/(101222:101222): RA!_____
[INFO] 01:09:26:753 cpu.log/(101222:101222): PONGO___
[INFO] 01:09:26:753 cpu.log/(101222:101222): TODO_EN_
[INFO] 01:09:26:753 cpu.log/(101222:101222): 0_DE_NUEVO!_____
[INFO] 01:09:26:753 cpu.log/(101222:101222): LAMISMAQUETUCONO
[INFO] 01:09:26:753 cpu.log/(101222:101222): CISTEENTONCESAHO
[INFO] 01:09:26:753 cpu.log/(101222:101222): RASOYMUCHOMEJOR!
[INFO] 01:09:26:753 cpu.log/(101222:101222): PID: <1001> recibido desde el Kernel para ejecutar.
[WARNING] 01:09:38:770 cpu.log/(101222:101222): AX: 0000
[WARNING] 01:09:38:770 cpu.log/(101222:101222): BX: 0000
[WARNING] 01:09:38:770 cpu.log/(101222:101222): CX: 0000
[WARNING] 01:09:38:770 cpu.log/(101222:101222): DX: 0000
[WARNING] 01:09:38:770 cpu.log/(101222:101222): EAX: 00000000
[WARNING] 01:09:38:770 cpu.log/(101222:101222): EBX: 00000000
[WARNING] 01:09:38:770 cpu.log/(101222:101222): ECX: 00000000
[WARNING] 01:09:38:770 cpu.log/(101222:101222): EDX: 00000000
[WARNING] 01:09:38:770 cpu.log/(101222:101222): RAX: 0000000000000000
[WARNING] 01:09:38:770 cpu.log/(101222:101222): RBX: 0000000000000000
[WARNING] 01:09:38:770 cpu.log/(101222:101222): RCX: 0000000000000000
[WARNING] 01:09:38:770 cpu.log/(101222:101222): RDX: 0000000000000000
[INFO] 01:09:38:770 cpu.log/(101222:101222): CPU esperando a recibir un nuevo proceso para ejecutar.
[INFO] 01:10:28:701 cpu.log/(101222:101222): Los registros que trajo PID: <1002> son: 
[INFO] 01:10:28:701 cpu.log/(101222:101222): 0000
[INFO] 01:10:28:701 cpu.log/(101222:101222): 0000
[INFO] 01:10:28:701 cpu.log/(101222:101222): 0000
[INFO] 01:10:28:701 cpu.log/(101222:101222): 0000
[INFO] 01:10:28:701 cpu.log/(101222:101222): 00000000
[INFO] 01:10:28:701 cpu.log/(101222:101222): 00000000
[INFO] 01:10:28:701 cpu.log/(101222:101222): 00000000
[INFO] 01:10:28:701 cpu.log/(101222:101222): 00000000
[INFO] 01:10:28:701 cpu.log/(101222:101222): 0000000000000000
[INFO] 01:10:28:701 cpu.log/(101222:101222): 0000000000000000
[INFO] 01:10:28:701 cpu.log/(101222:101222): 0000000000000000
[INFO] 01:10:28:701 cpu.log/(101222:101222): 0000000000000000
[INFO] 01:10:28:701 cpu.log/(101222:101222): PID: <1002> recibido desde el Kernel para ejecutar.
[WARNING] 01:10:30:709 cpu.log/(101222:101222): AX: EJEC
[WARNING] 01:10:30:710 cpu.log/(101222:101222): BX: OPEN
[WARNING] 01:10:30:710 cpu.log/(101222:101222): CX: 0000
[WARNING] 01:10:30:710 cpu.log/(101222:101222): DX: 0000
[WARNING] 01:10:30:710 cpu.log/(101222:101222): EAX: 00000000
[WARNING] 01:10:30:710 cpu.log/(101222:101222): EBX: 00000000
[WARNING] 01:10:30:710 cpu.log/(101222:101222): ECX: 00000000
[WARNING] 01:10:30:710 cpu.log/(101222:101222): EDX: 00000000
[WARNING] 01:10:30:710 cpu.log/(101222:101222): RAX: 0000000000000000
[WARNING] 01:10:30:710 cpu.log/(101222:101222): RBX: 0000000000000000
[WARNING] 01:10:30:710 cpu.log/(101222:101222): RCX: 0000000000000000
[WARNING] 01:10:30:710 cpu.log/(101222:101222): RDX: 0000000000000000
[INFO] 01:10:30:710 cpu.log/(101222:101222): CPU esperando a recibir un nuevo proceso para ejecutar.
[INFO] 01:10:30:710 cpu.log/(101222:101222): Los registros que trajo PID: <1002> son: 
[INFO] 01:10:30:710 cpu.log/(101222:101222): EJEC
[INFO] 01:10:30:710 cpu.log/(101222:101222): OPEN
[INFO] 01:10:30:711 cpu.log/(101222:101222): 0000
[INFO] 01:10:30:711 cpu.log/(101222:101222): 0000
[INFO] 01:10:30:711 cpu.log/(101222:101222): 00000000
[INFO] 01:10:30:711 cpu.log/(101222:101222): 00000000
[INFO] 01:10:30:711 cpu.log/(101222:101222): 00000000
[INFO] 01:10:30:711 cpu.log/(101222:101222): 00000000
[INFO] 01:10:30:711 cpu.log/(101222:101222): 0000000000000000
[INFO] 01:10:30:711 cpu.log/(101222:101222): 0000000000000000
[INFO] 01:10:30:711 cpu.log/(101222:101222): 0000000000000000
[INFO] 01:10:30:711 cpu.log/(101222:101222): 0000000000000000
[INFO] 01:10:30:711 cpu.log/(101222:101222): PID: <1002> recibido desde el Kernel para ejecutar.
[WARNING] 01:10:32:717 cpu.log/(101222:101222): AX: EJEC
[WARNING] 01:10:32:717 cpu.log/(101222:101222): BX: OPEN
[WARNING] 01:10:32:717 cpu.log/(101222:101222): CX: EJEC
[WARNING] 01:10:32:717 cpu.log/(101222:101222): DX: SEEK
[WARNING] 01:10:32:717 cpu.log/(101222:101222): EAX: 00000000
[WARNING] 01:10:32:717 cpu.log/(101222:101222): EBX: 00000000
[WARNING] 01:10:32:717 cpu.log/(101222:101222): ECX: 00000000
[WARNING] 01:10:32:717 cpu.log/(101222:101222): EDX: 00000000
[WARNING] 01:10:32:717 cpu.log/(101222:101222): RAX: 0000000000000000
[WARNING] 01:10:32:717 cpu.log/(101222:101222): RBX: 0000000000000000
[WARNING] 01:10:32:717 cpu.log/(101222:101222): RCX: 0000000000000000
[WARNING] 01:10:32:718 cpu.log/(101222:101222): RDX: 0000000000000000
[INFO] 01:10:32:718 cpu.log/(101222:101222): CPU esperando a recibir un nuevo proceso para ejecutar.
[INFO] 01:10:32:718 cpu.log/(101222:101222): Los registros que trajo PID: <1002> son: 
[INFO] 01:10:32:718 cpu.log/(101222:101222): EJEC
[INFO] 01:10:32:718 cpu.log/(101222:101222): OPEN
[INFO] 01:10:32:718 cpu.log/(101222:101222): EJEC
[INFO] 01:10:32:718 cpu.log/(101222:101222): SEEK
[INFO] 01:10:32:718 cpu.log/(101222:101222): 00000000
[INFO] 01:10:32:718 cpu.log/(101222:101222): 00000000
[INFO] 01:10:32:718 cpu.log/(101222:101222): 00000000
[INFO] 01:10:32:718 cpu.log/(101222:101222): 00000000
[INFO] 01:10:32:718 cpu.log/(101222:101222): 0000000000000000
[INFO] 01:10:32:718 cpu.log/(101222:101222): 0000000000000000
[INFO] 01:10:32:718 cpu.log/(101222:101222): 0000000000000000
[INFO] 01:10:32:718 cpu.log/(101222:101222): 0000000000000000
[INFO] 01:10:32:718 cpu.log/(101222:101222): PID: <1002> recibido desde el Kernel para ejecutar.
[WARNING] 01:10:34:721 cpu.log/(101222:101222): AX: EJEC
[WARNING] 01:10:34:721 cpu.log/(101222:101222): BX: OPEN
[WARNING] 01:10:34:721 cpu.log/(101222:101222): CX: EJEC
[WARNING] 01:10:34:721 cpu.log/(101222:101222): DX: SEEK
[WARNING] 01:10:34:721 cpu.log/(101222:101222): EAX: EJECUTAR
[WARNING] 01:10:34:721 cpu.log/(101222:101222): EBX: TRUNCATE
[WARNING] 01:10:34:721 cpu.log/(101222:101222): ECX: 00000000
[WARNING] 01:10:34:721 cpu.log/(101222:101222): EDX: 00000000
[WARNING] 01:10:34:721 cpu.log/(101222:101222): RAX: 0000000000000000
[WARNING] 01:10:34:721 cpu.log/(101222:101222): RBX: 0000000000000000
[WARNING] 01:10:34:721 cpu.log/(101222:101222): RCX: 0000000000000000
[WARNING] 01:10:34:721 cpu.log/(101222:101222): RDX: 0000000000000000
[INFO] 01:10:34:721 cpu.log/(101222:101222): CPU esperando a recibir un nuevo proceso para ejecutar.
[INFO] 01:10:34:721 cpu.log/(101222:101222): Los registros que trajo PID: <1002> son: 
[INFO] 01:10:34:721 cpu.log/(101222:101222): EJEC
[INFO] 01:10:34:721 cpu.log/(101222:101222): OPEN
[INFO] 01:10:34:721 cpu.log/(101222:101222): EJEC
[INFO] 01:10:34:721 cpu.log/(101222:101222): SEEK
[INFO] 01:10:34:721 cpu.log/(101222:101222): EJECUTAR
[INFO] 01:10:34:721 cpu.log/(101222:101222): TRUNCATE
[INFO] 01:10:34:721 cpu.log/(101222:101222): 00000000
[INFO] 01:10:34:721 cpu.log/(101222:101222): 00000000
[INFO] 01:10:34:721 cpu.log/(101222:101222): 0000000000000000
[INFO] 01:10:34:721 cpu.log/(101222:101222): 0000000000000000
[INFO] 01:10:34:721 cpu.log/(101222:101222): 0000000000000000
[INFO] 01:10:34:721 cpu.log/(101222:101222): 0000000000000000
[INFO] 01:10:34:721 cpu.log/(101222:101222): PID: <1002> recibido desde el Kernel para ejecutar.
[WARNING] 01:10:36:727 cpu.log/(101222:101222): AX: EJEC
[WARNING] 01:10:36:727 cpu.log/(101222:101222): BX: OPEN
[WARNING] 01:10:36:728 cpu.log/(101222:101222): CX: EJEC
[WARNING] 01:10:36:728 cpu.log/(101222:101222): DX: SEEK
[WARNING] 01:10:36:728 cpu.log/(101222:101222): EAX: EJECUTAR
[WARNING] 01:10:36:728 cpu.log/(101222:101222): EBX: TRUNCATE
[WARNING] 01:10:36:728 cpu.log/(101222:101222): ECX: EJECUTAR
[WARNING] 01:10:36:728 cpu.log/(101222:101222): EDX: F_CLOSE_
[WARNING] 01:10:36:728 cpu.log/(101222:101222): RAX: 0000000000000000
[WARNING] 01:10:36:728 cpu.log/(101222:101222): RBX: 0000000000000000
[WARNING] 01:10:36:728 cpu.log/(101222:101222): RCX: 0000000000000000
[WARNING] 01:10:36:728 cpu.log/(101222:101222): RDX: 0000000000000000
[INFO] 01:10:36:728 cpu.log/(101222:101222): CPU esperando a recibir un nuevo proceso para ejecutar.
[INFO] 01:10:36:728 cpu.log/(101222:101222): Los registros que trajo PID: <1002> son: 
[INFO] 01:10:36:728 cpu.log/(101222:101222): EJEC
[INFO] 01:10:36:728 cpu.log/(101222:101222): OPEN
[INFO] 01:10:36:728 cpu.log/(101222:101222): EJEC
[INFO] 01:10:36:728 cpu.log/(101222:101222): SEEK
[INFO] 01:10:36:728 cpu.log/(101222:101222): EJECUTAR
[INFO] 01:10:36:728 cpu.log/(101222:101222): TRUNCATE
[INFO] 01:10:36:728 cpu.log/(101222:101222): EJECUTAR
[INFO] 01:10:36:728 cpu.log/(101222:101222): F_CLOSE_
[INFO] 01:10:36:728 cpu.log/(101222:101222): 0000000000000000
[INFO] 01:10:36:728 cpu.log/(101222:101222): 0000000000000000
[INFO] 01:10:36:728 cpu.log/(101222:101222): 0000000000000000
[INFO] 01:10:36:728 cpu.log/(101222:101222): 0000000000000000
[INFO] 01:10:36:728 cpu.log/(101222:101222): PID: <1002> recibido desde el Kernel para ejecutar.
[WARNING] 01:10:36:728 cpu.log/(101222:101222): AX: EJEC
[WARNING] 01:10:36:728 cpu.log/(101222:101222): BX: OPEN
[WARNING] 01:10:36:728 cpu.log/(101222:101222): CX: EJEC
[WARNING] 01:10:36:729 cpu.log/(101222:101222): DX: SEEK
[WARNING] 01:10:36:729 cpu.log/(101222:101222): EAX: EJECUTAR
[WARNING] 01:10:36:729 cpu.log/(101222:101222): EBX: TRUNCATE
[WARNING] 01:10:36:729 cpu.log/(101222:101222): ECX: EJECUTAR
[WARNING] 01:10:36:729 cpu.log/(101222:101222): EDX: F_CLOSE_
[WARNING] 01:10:36:729 cpu.log/(101222:101222): RAX: 0000000000000000
[WARNING] 01:10:36:729 cpu.log/(101222:101222): RBX: 0000000000000000
[WARNING] 01:10:36:729 cpu.log/(101222:101222): RCX: 0000000000000000
[WARNING] 01:10:36:729 cpu.log/(101222:101222): RDX: 0000000000000000
[INFO] 01:10:36:729 cpu.log/(101222:101222): CPU esperando a recibir un nuevo proceso para ejecutar.
[INFO] 01:10:41:733 cpu.log/(101222:101222): Los registros que trajo PID: <1002> son: 
[INFO] 01:10:41:733 cpu.log/(101222:101222): EJEC
[INFO] 01:10:41:733 cpu.log/(101222:101222): OPEN
[INFO] 01:10:41:733 cpu.log/(101222:101222): EJEC
[INFO] 01:10:41:734 cpu.log/(101222:101222): SEEK
[INFO] 01:10:41:734 cpu.log/(101222:101222): EJECUTAR
[INFO] 01:10:41:734 cpu.log/(101222:101222): TRUNCATE
[INFO] 01:10:41:734 cpu.log/(101222:101222): EJECUTAR
[INFO] 01:10:41:734 cpu.log/(101222:101222): F_CLOSE_
[INFO] 01:10:41:734 cpu.log/(101222:101222): 0000000000000000
[INFO] 01:10:41:734 cpu.log/(101222:101222): 0000000000000000
[INFO] 01:10:41:734 cpu.log/(101222:101222): 0000000000000000
[INFO] 01:10:41:734 cpu.log/(101222:101222): 0000000000000000
[INFO] 01:10:41:734 cpu.log/(101222:101222): PID: <1002> recibido desde el Kernel para ejecutar.
[WARNING] 01:10:43:735 cpu.log/(101222:101222): AX: EJEC
[WARNING] 01:10:43:735 cpu.log/(101222:101222): BX: OPEN
[WARNING] 01:10:43:735 cpu.log/(101222:101222): CX: EJEC
[WARNING] 01:10:43:736 cpu.log/(101222:101222): DX: SEEK
[WARNING] 01:10:43:736 cpu.log/(101222:101222): EAX: EJECUTAR
[WARNING] 01:10:43:736 cpu.log/(101222:101222): EBX: TRUNCATE
[WARNING] 01:10:43:736 cpu.log/(101222:101222): ECX: EJECUTAR
[WARNING] 01:10:43:736 cpu.log/(101222:101222): EDX: F_CLOSE_
[WARNING] 01:10:43:736 cpu.log/(101222:101222): RAX: TERMINAR_PROCESO
[WARNING] 01:10:43:736 cpu.log/(101222:101222): RBX: CHARLY_GARCIA.MP
[WARNING] 01:10:43:736 cpu.log/(101222:101222): RCX: 0000000000000000
[WARNING] 01:10:43:736 cpu.log/(101222:101222): RDX: 0000000000000000
[INFO] 01:10:43:736 cpu.log/(101222:101222): CPU esperando a recibir un nuevo proceso para ejecutar.
[ERROR] 07:22:33:512 cpu.log/(101222:101222): [ERROR] Se desconect Kernel, chau loco suerte.
