[INFO] 03:19:04:156 cpu_principal.log/(68474:68474): PID: <1000> - Ejecutando: <SET AX COMO>
[INFO] 03:19:04:156 cpu_principal.log/(68474:68474): PID: <1000> - Ejecutando: <SET BX DERE>
[INFO] 03:19:04:156 cpu_principal.log/(68474:68474): PID: <1000> - Ejecutando: <YIELD>
[INFO] 03:19:04:157 cpu_principal.log/(68474:68474): PID: <1000> - Ejecutando: <SET CX PENT>
[INFO] 03:19:04:157 cpu_principal.log/(68474:68474): PID: <1000> - Ejecutando: <SET DX ETOD>
[INFO] 03:19:04:157 cpu_principal.log/(68474:68474): PID: <1000> - Ejecutando: <YIELD>
[INFO] 03:19:04:159 cpu_principal.log/(68474:68474): PID: <1000> - Ejecutando: <SET EAX OESORDEN>
[INFO] 03:19:04:159 cpu_principal.log/(68474:68474): PID: <1000> - Ejecutando: <SET EBX ADODESDE>
[INFO] 03:19:04:159 cpu_principal.log/(68474:68474): PID: <1000> - Ejecutando: <YIELD>
[INFO] 03:19:04:159 cpu_principal.log/(68474:68474): PID: <1000> - Ejecutando: <SET ECX QUEHASLL>
[INFO] 03:19:04:159 cpu_principal.log/(68474:68474): PID: <1000> - Ejecutando: <SET EDX EGADOMIV>
[INFO] 03:19:04:159 cpu_principal.log/(68474:68474): PID: <1000> - Ejecutando: <YIELD>
[INFO] 03:19:04:159 cpu_principal.log/(68474:68474): PID: <1000> - Ejecutando: <SET RAX IDACAMBIOYANOSOY>
[INFO] 03:19:04:159 cpu_principal.log/(68474:68474): PID: <1000> - Ejecutando: <SET RBX LAMISMAQUETUCONO>
[INFO] 03:19:04:159 cpu_principal.log/(68474:68474): PID: <1000> - Ejecutando: <YIELD>
[INFO] 03:19:04:160 cpu_principal.log/(68474:68474): PID: <1000> - Ejecutando: <SET RCX CISTEENTONCESAHO>
[INFO] 03:19:04:160 cpu_principal.log/(68474:68474): PID: <1000> - Ejecutando: <SET RDX RASOYMUCHOMEJOR!>
[INFO] 03:19:04:160 cpu_principal.log/(68474:68474): PID: <1000> - Ejecutando: <EXIT>
[INFO] 03:21:42:284 cpu_principal.log/(68684:68684): PID: <1000> - Ejecutando: <SET AX COMO>
[INFO] 03:21:42:284 cpu_principal.log/(68684:68684): PID: <1000> - Ejecutando: <SET BX DERE>
[INFO] 03:21:42:284 cpu_principal.log/(68684:68684): PID: <1000> - Ejecutando: <YIELD>
[INFO] 03:21:42:285 cpu_principal.log/(68684:68684): PID: <1000> - Ejecutando: <SET CX PENT>
[INFO] 03:21:42:285 cpu_principal.log/(68684:68684): PID: <1000> - Ejecutando: <SET DX ETOD>
[INFO] 03:21:42:285 cpu_principal.log/(68684:68684): PID: <1000> - Ejecutando: <YIELD>
[INFO] 03:21:42:285 cpu_principal.log/(68684:68684): PID: <1000> - Ejecutando: <SET EAX OESORDEN>
[INFO] 03:21:42:285 cpu_principal.log/(68684:68684): PID: <1000> - Ejecutando: <SET EBX ADODESDE>
[INFO] 03:21:42:285 cpu_principal.log/(68684:68684): PID: <1000> - Ejecutando: <YIELD>
[INFO] 03:21:42:285 cpu_principal.log/(68684:68684): PID: <1000> - Ejecutando: <SET ECX QUEHASLL>
[INFO] 03:21:42:285 cpu_principal.log/(68684:68684): PID: <1000> - Ejecutando: <SET EDX EGADOMIV>
[INFO] 03:21:42:285 cpu_principal.log/(68684:68684): PID: <1000> - Ejecutando: <YIELD>
[INFO] 03:21:42:286 cpu_principal.log/(68684:68684): PID: <1000> - Ejecutando: <SET RAX IDACAMBIOYANOSOY>
[INFO] 03:21:42:286 cpu_principal.log/(68684:68684): PID: <1000> - Ejecutando: <SET RBX LAMISMAQUETUCONO>
[INFO] 03:21:42:286 cpu_principal.log/(68684:68684): PID: <1000> - Ejecutando: <YIELD>
[INFO] 03:21:42:286 cpu_principal.log/(68684:68684): PID: <1000> - Ejecutando: <SET RCX CISTEENTONCESAHO>
[INFO] 03:21:42:286 cpu_principal.log/(68684:68684): PID: <1000> - Ejecutando: <SET RDX RASOYMUCHOMEJOR!>
[INFO] 03:21:42:286 cpu_principal.log/(68684:68684): PID: <1000> - Ejecutando: <EXIT>
[INFO] 03:26:59:909 cpu_principal.log/(68754:68754): PID: <1000> - Ejecutando: <SET AX COMO>
[INFO] 03:26:59:909 cpu_principal.log/(68754:68754): PID: <1000> - Ejecutando: <SET BX DERE>
[INFO] 03:26:59:909 cpu_principal.log/(68754:68754): PID: <1000> - Ejecutando: <YIELD>
[INFO] 03:26:59:910 cpu_principal.log/(68754:68754): PID: <1000> - Ejecutando: <SET CX PENT>
[INFO] 03:26:59:910 cpu_principal.log/(68754:68754): PID: <1000> - Ejecutando: <SET DX ETOD>
[INFO] 03:26:59:910 cpu_principal.log/(68754:68754): PID: <1000> - Ejecutando: <YIELD>
[INFO] 03:26:59:911 cpu_principal.log/(68754:68754): PID: <1000> - Ejecutando: <SET EAX OESORDEN>
[INFO] 03:26:59:911 cpu_principal.log/(68754:68754): PID: <1000> - Ejecutando: <SET EBX ADODESDE>
[INFO] 03:26:59:911 cpu_principal.log/(68754:68754): PID: <1000> - Ejecutando: <YIELD>
[INFO] 03:26:59:914 cpu_principal.log/(68754:68754): PID: <1000> - Ejecutando: <SET ECX QUEHASLL>
[INFO] 03:26:59:914 cpu_principal.log/(68754:68754): PID: <1000> - Ejecutando: <SET EDX EGADOMIV>
[INFO] 03:26:59:914 cpu_principal.log/(68754:68754): PID: <1000> - Ejecutando: <YIELD>
[INFO] 03:26:59:915 cpu_principal.log/(68754:68754): PID: <1000> - Ejecutando: <SET RAX IDACAMBIOYANOSOY>
[INFO] 03:26:59:915 cpu_principal.log/(68754:68754): PID: <1000> - Ejecutando: <SET RBX LAMISMAQUETUCONO>
[INFO] 03:26:59:915 cpu_principal.log/(68754:68754): PID: <1000> - Ejecutando: <YIELD>
[INFO] 03:26:59:915 cpu_principal.log/(68754:68754): PID: <1000> - Ejecutando: <SET RCX CISTEENTONCESAHO>
[INFO] 03:26:59:916 cpu_principal.log/(68754:68754): PID: <1000> - Ejecutando: <SET RDX RASOYMUCHOMEJOR!>
[INFO] 03:26:59:916 cpu_principal.log/(68754:68754): PID: <1000> - Ejecutando: <EXIT>
[INFO] 03:36:32:405 cpu_principal.log/(68947:68947): PID: <1000> - Ejecutando: <SET AX COMO>
[INFO] 03:36:32:405 cpu_principal.log/(68947:68947): PID: <1000> - Ejecutando: <SET BX DERE>
[INFO] 03:36:32:405 cpu_principal.log/(68947:68947): PID: <1000> - Ejecutando: <YIELD>
[INFO] 03:36:32:405 cpu_principal.log/(68947:68947): PID: <1000> - Ejecutando: <SET CX PENT>
[INFO] 03:36:32:406 cpu_principal.log/(68947:68947): PID: <1000> - Ejecutando: <SET DX ETOD>
[INFO] 03:36:32:406 cpu_principal.log/(68947:68947): PID: <1000> - Ejecutando: <YIELD>
[INFO] 03:36:32:406 cpu_principal.log/(68947:68947): PID: <1000> - Ejecutando: <SET EAX OESORDEN>
[INFO] 03:36:32:406 cpu_principal.log/(68947:68947): PID: <1000> - Ejecutando: <SET EBX ADODESDE>
[INFO] 03:36:32:406 cpu_principal.log/(68947:68947): PID: <1000> - Ejecutando: <YIELD>
[INFO] 03:36:32:409 cpu_principal.log/(68947:68947): PID: <1000> - Ejecutando: <SET ECX QUEHASLL>
[INFO] 03:36:32:409 cpu_principal.log/(68947:68947): PID: <1000> - Ejecutando: <SET EDX EGADOMIV>
[INFO] 03:36:32:409 cpu_principal.log/(68947:68947): PID: <1000> - Ejecutando: <YIELD>
[INFO] 03:36:32:409 cpu_principal.log/(68947:68947): PID: <1000> - Ejecutando: <SET RAX IDACAMBIOYANOSOY>
[INFO] 03:36:32:409 cpu_principal.log/(68947:68947): PID: <1000> - Ejecutando: <SET RBX LAMISMAQUETUCONO>
[INFO] 03:36:32:409 cpu_principal.log/(68947:68947): PID: <1000> - Ejecutando: <YIELD>
[INFO] 03:36:32:410 cpu_principal.log/(68947:68947): PID: <1000> - Ejecutando: <SET RCX CISTEENTONCESAHO>
[INFO] 03:36:32:410 cpu_principal.log/(68947:68947): PID: <1000> - Ejecutando: <SET RDX RASOYMUCHOMEJOR!>
[INFO] 03:36:32:410 cpu_principal.log/(68947:68947): PID: <1000> - Ejecutando: <EXIT>
[INFO] 03:40:42:187 cpu_principal.log/(69113:69113): PID: <1000> - Ejecutando: <SET AX COMO>
[INFO] 03:40:42:187 cpu_principal.log/(69113:69113): PID: <1000> - Ejecutando: <SET BX DERE>
[INFO] 03:40:42:187 cpu_principal.log/(69113:69113): PID: <1000> - Ejecutando: <YIELD>
[INFO] 03:40:42:192 cpu_principal.log/(69113:69113): PID: <1000> - Ejecutando: <SET CX PENT>
[INFO] 03:40:42:192 cpu_principal.log/(69113:69113): PID: <1000> - Ejecutando: <SET DX ETOD>
[INFO] 03:40:42:192 cpu_principal.log/(69113:69113): PID: <1000> - Ejecutando: <YIELD>
[INFO] 03:40:42:194 cpu_principal.log/(69113:69113): PID: <1000> - Ejecutando: <SET EAX OESORDEN>
[INFO] 03:40:42:194 cpu_principal.log/(69113:69113): PID: <1000> - Ejecutando: <SET EBX ADODESDE>
[INFO] 03:40:42:194 cpu_principal.log/(69113:69113): PID: <1000> - Ejecutando: <YIELD>
[INFO] 03:40:42:196 cpu_principal.log/(69113:69113): PID: <1000> - Ejecutando: <SET ECX QUEHASLL>
[INFO] 03:40:42:196 cpu_principal.log/(69113:69113): PID: <1000> - Ejecutando: <SET EDX EGADOMIV>
[INFO] 03:40:42:196 cpu_principal.log/(69113:69113): PID: <1000> - Ejecutando: <YIELD>
[INFO] 03:40:42:198 cpu_principal.log/(69113:69113): PID: <1000> - Ejecutando: <SET RAX IDACAMBIOYANOSOY>
[INFO] 03:40:42:198 cpu_principal.log/(69113:69113): PID: <1000> - Ejecutando: <SET RBX LAMISMAQUETUCONO>
[INFO] 03:40:42:198 cpu_principal.log/(69113:69113): PID: <1000> - Ejecutando: <YIELD>
[INFO] 03:40:42:200 cpu_principal.log/(69113:69113): PID: <1000> - Ejecutando: <SET RCX CISTEENTONCESAHO>
[INFO] 03:40:42:200 cpu_principal.log/(69113:69113): PID: <1000> - Ejecutando: <SET RDX RASOYMUCHOMEJOR!>
[INFO] 03:40:42:200 cpu_principal.log/(69113:69113): PID: <1000> - Ejecutando: <EXIT>
[INFO] 03:42:56:256 cpu_principal.log/(69514:69514): PID: <1000> - Ejecutando: <SET AX COMO>
[INFO] 03:42:56:256 cpu_principal.log/(69514:69514): PID: <1000> - Ejecutando: <SET BX DERE>
[INFO] 03:42:56:256 cpu_principal.log/(69514:69514): PID: <1000> - Ejecutando: <YIELD>
[INFO] 03:42:56:256 cpu_principal.log/(69514:69514): PID: <1000> - Ejecutando: <SET CX PENT>
[INFO] 03:42:56:256 cpu_principal.log/(69514:69514): PID: <1000> - Ejecutando: <SET DX ETOD>
[INFO] 03:42:56:256 cpu_principal.log/(69514:69514): PID: <1000> - Ejecutando: <YIELD>
[INFO] 03:42:56:257 cpu_principal.log/(69514:69514): PID: <1000> - Ejecutando: <SET EAX OESORDEN>
[INFO] 03:42:56:257 cpu_principal.log/(69514:69514): PID: <1000> - Ejecutando: <SET EBX ADODESDE>
[INFO] 03:42:56:257 cpu_principal.log/(69514:69514): PID: <1000> - Ejecutando: <YIELD>
[INFO] 03:42:56:257 cpu_principal.log/(69514:69514): PID: <1000> - Ejecutando: <SET ECX QUEHASLL>
[INFO] 03:42:56:257 cpu_principal.log/(69514:69514): PID: <1000> - Ejecutando: <SET EDX EGADOMIV>
[INFO] 03:42:56:257 cpu_principal.log/(69514:69514): PID: <1000> - Ejecutando: <YIELD>
[INFO] 03:42:56:257 cpu_principal.log/(69514:69514): PID: <1000> - Ejecutando: <SET RAX IDACAMBIOYANOSOY>
[INFO] 03:42:56:257 cpu_principal.log/(69514:69514): PID: <1000> - Ejecutando: <SET RBX LAMISMAQUETUCONO>
[INFO] 03:42:56:257 cpu_principal.log/(69514:69514): PID: <1000> - Ejecutando: <YIELD>
[INFO] 03:42:56:257 cpu_principal.log/(69514:69514): PID: <1000> - Ejecutando: <SET RCX CISTEENTONCESAHO>
[INFO] 03:42:56:257 cpu_principal.log/(69514:69514): PID: <1000> - Ejecutando: <SET RDX RASOYMUCHOMEJOR!>
[INFO] 03:42:56:257 cpu_principal.log/(69514:69514): PID: <1000> - Ejecutando: <EXIT>
[INFO] 03:44:50:665 cpu_principal.log/(69569:69569): PID: <1000> - Ejecutando: <SET AX COMO>
[INFO] 03:44:50:665 cpu_principal.log/(69569:69569): PID: <1000> - Ejecutando: <SET BX DERE>
[INFO] 03:44:50:665 cpu_principal.log/(69569:69569): PID: <1000> - Ejecutando: <YIELD>
[INFO] 03:44:50:666 cpu_principal.log/(69569:69569): PID: <1000> - Ejecutando: <SET CX PENT>
[INFO] 03:44:50:666 cpu_principal.log/(69569:69569): PID: <1000> - Ejecutando: <SET DX ETOD>
[INFO] 03:44:50:666 cpu_principal.log/(69569:69569): PID: <1000> - Ejecutando: <YIELD>
[INFO] 03:44:50:667 cpu_principal.log/(69569:69569): PID: <1000> - Ejecutando: <SET EAX OESORDEN>
[INFO] 03:44:50:668 cpu_principal.log/(69569:69569): PID: <1000> - Ejecutando: <SET EBX ADODESDE>
[INFO] 03:44:50:668 cpu_principal.log/(69569:69569): PID: <1000> - Ejecutando: <YIELD>
[INFO] 03:44:50:669 cpu_principal.log/(69569:69569): PID: <1000> - Ejecutando: <SET ECX QUEHASLL>
[INFO] 03:44:50:669 cpu_principal.log/(69569:69569): PID: <1000> - Ejecutando: <SET EDX EGADOMIV>
[INFO] 03:44:50:670 cpu_principal.log/(69569:69569): PID: <1000> - Ejecutando: <YIELD>
[INFO] 03:44:50:671 cpu_principal.log/(69569:69569): PID: <1000> - Ejecutando: <SET RAX IDACAMBIOYANOSOY>
[INFO] 03:44:50:671 cpu_principal.log/(69569:69569): PID: <1000> - Ejecutando: <SET RBX LAMISMAQUETUCONO>
[INFO] 03:44:50:671 cpu_principal.log/(69569:69569): PID: <1000> - Ejecutando: <YIELD>
[INFO] 03:44:50:671 cpu_principal.log/(69569:69569): PID: <1000> - Ejecutando: <SET RCX CISTEENTONCESAHO>
[INFO] 03:44:50:671 cpu_principal.log/(69569:69569): PID: <1000> - Ejecutando: <SET RDX RASOYMUCHOMEJOR!>
[INFO] 03:44:50:671 cpu_principal.log/(69569:69569): PID: <1000> - Ejecutando: <EXIT>
[INFO] 03:52:55:605 cpu_principal.log/(69985:69985): PID: <1000> - Ejecutando: <SET AX COMO>
[INFO] 03:52:55:605 cpu_principal.log/(69985:69985): PID: <1000> - Ejecutando: <SET BX DERE>
[INFO] 03:52:55:605 cpu_principal.log/(69985:69985): PID: <1000> - Ejecutando: <IO 5>
[INFO] 03:52:55:606 cpu_principal.log/(69985:69985): PID: <1000> - Ejecutando: <SET CX PENT>
[INFO] 03:52:55:606 cpu_principal.log/(69985:69985): PID: <1000> - Ejecutando: <SET DX ETOD>
[INFO] 03:52:55:606 cpu_principal.log/(69985:69985): PID: <1000> - Ejecutando: <YIELD>
[INFO] 03:52:55:606 cpu_principal.log/(69985:69985): PID: <1000> - Ejecutando: <SET EAX OESORDEN>
[INFO] 03:52:55:606 cpu_principal.log/(69985:69985): PID: <1000> - Ejecutando: <SET EBX ADODESDE>
[INFO] 03:52:55:606 cpu_principal.log/(69985:69985): PID: <1000> - Ejecutando: <IO 5>
[INFO] 03:52:55:607 cpu_principal.log/(69985:69985): PID: <1000> - Ejecutando: <SET ECX QUEHASLL>
[INFO] 03:52:55:607 cpu_principal.log/(69985:69985): PID: <1000> - Ejecutando: <SET EDX EGADOMIV>
[INFO] 03:52:55:607 cpu_principal.log/(69985:69985): PID: <1000> - Ejecutando: <YIELD>
[INFO] 03:52:55:608 cpu_principal.log/(69985:69985): PID: <1000> - Ejecutando: <SET RAX IDACAMBIOYANOSOY>
[INFO] 03:52:55:608 cpu_principal.log/(69985:69985): PID: <1000> - Ejecutando: <SET RBX LAMISMAQUETUCONO>
[INFO] 03:52:55:608 cpu_principal.log/(69985:69985): PID: <1000> - Ejecutando: <IO 5>
[INFO] 03:52:55:610 cpu_principal.log/(69985:69985): PID: <1000> - Ejecutando: <SET RCX CISTEENTONCESAHO>
[INFO] 03:52:55:611 cpu_principal.log/(69985:69985): PID: <1000> - Ejecutando: <SET RDX RASOYMUCHOMEJOR!>
[INFO] 03:52:55:611 cpu_principal.log/(69985:69985): PID: <1000> - Ejecutando: <EXIT>
[INFO] 03:59:15:369 cpu_principal.log/(70229:70229): PID: <1000> - Ejecutando: <SET AX COMO>
[INFO] 03:59:15:369 cpu_principal.log/(70229:70229): PID: <1000> - Ejecutando: <SET BX DERE>
[INFO] 03:59:15:369 cpu_principal.log/(70229:70229): PID: <1000> - Ejecutando: <IO 5000000>
[INFO] 03:59:15:369 cpu_principal.log/(70229:70229): PID: <1000> - Ejecutando: <SET CX PENT>
[INFO] 03:59:15:369 cpu_principal.log/(70229:70229): PID: <1000> - Ejecutando: <SET DX ETOD>
[INFO] 03:59:15:369 cpu_principal.log/(70229:70229): PID: <1000> - Ejecutando: <YIELD>
[INFO] 03:59:15:369 cpu_principal.log/(70229:70229): PID: <1000> - Ejecutando: <SET EAX OESORDEN>
[INFO] 03:59:15:369 cpu_principal.log/(70229:70229): PID: <1000> - Ejecutando: <SET EBX ADODESDE>
[INFO] 03:59:15:369 cpu_principal.log/(70229:70229): PID: <1000> - Ejecutando: <IO 5>
[INFO] 04:01:12:307 cpu_principal.log/(70310:70310): PID: <1000> - Ejecutando: <SET AX COMO>
[INFO] 04:01:14:940 cpu_principal.log/(70310:70310): PID: <1000> - Ejecutando: <SET BX DERE>
[INFO] 04:01:20:825 cpu_principal.log/(70310:70310): PID: <1000> - Ejecutando: <IO 5000000>
[INFO] 04:03:22:242 cpu_principal.log/(70567:70567): PID: <1000> - Ejecutando: <SET AX COMO>
[INFO] 04:03:22:242 cpu_principal.log/(70567:70567): PID: <1000> - Ejecutando: <SET BX DERE>
[INFO] 04:03:22:243 cpu_principal.log/(70567:70567): PID: <1000> - Ejecutando: <IO 5000000>
[INFO] 04:05:09:724 cpu_principal.log/(70645:70645): PID: <1000> - Ejecutando: <SET AX COMO>
[INFO] 04:05:09:724 cpu_principal.log/(70645:70645): PID: <1000> - Ejecutando: <SET BX DERE>
[INFO] 04:05:09:724 cpu_principal.log/(70645:70645): PID: <1000> - Ejecutando: <IO 5>
[INFO] 04:05:14:726 cpu_principal.log/(70645:70645): PID: <1000> - Ejecutando: <SET CX PENT>
[INFO] 04:05:14:726 cpu_principal.log/(70645:70645): PID: <1000> - Ejecutando: <SET DX ETOD>
[INFO] 04:05:14:726 cpu_principal.log/(70645:70645): PID: <1000> - Ejecutando: <YIELD>
[INFO] 04:05:14:727 cpu_principal.log/(70645:70645): PID: <1000> - Ejecutando: <SET EAX OESORDEN>
[INFO] 04:05:14:727 cpu_principal.log/(70645:70645): PID: <1000> - Ejecutando: <SET EBX ADODESDE>
[INFO] 04:05:14:727 cpu_principal.log/(70645:70645): PID: <1000> - Ejecutando: <IO 5>
[INFO] 04:05:19:734 cpu_principal.log/(70645:70645): PID: <1000> - Ejecutando: <SET ECX QUEHASLL>
[INFO] 04:05:19:734 cpu_principal.log/(70645:70645): PID: <1000> - Ejecutando: <SET EDX EGADOMIV>
[INFO] 04:05:19:734 cpu_principal.log/(70645:70645): PID: <1000> - Ejecutando: <YIELD>
[INFO] 04:05:19:736 cpu_principal.log/(70645:70645): PID: <1000> - Ejecutando: <SET RAX IDACAMBIOYANOSOY>
[INFO] 04:05:19:736 cpu_principal.log/(70645:70645): PID: <1000> - Ejecutando: <SET RBX LAMISMAQUETUCONO>
[INFO] 04:05:19:736 cpu_principal.log/(70645:70645): PID: <1000> - Ejecutando: <IO 5>
[INFO] 04:05:24:737 cpu_principal.log/(70645:70645): PID: <1000> - Ejecutando: <SET RCX CISTEENTONCESAHO>
[INFO] 04:05:24:737 cpu_principal.log/(70645:70645): PID: <1000> - Ejecutando: <SET RDX RASOYMUCHOMEJOR!>
[INFO] 04:05:24:737 cpu_principal.log/(70645:70645): PID: <1000> - Ejecutando: <EXIT>
[INFO] 06:34:17:379 cpu_principal.log/(77725:77725): PID: <1000> - Ejecutando: <SET AX COMO>
[INFO] 06:37:49:665 cpu_principal.log/(77792:77792): PID: <1000> - Ejecutando: <SET AX COMO>
[INFO] 06:47:07:716 cpu_principal.log/(78625:78625): PID: <1000> - Ejecutando: <SET AX COMO>
[INFO] 06:47:15:637 cpu_principal.log/(78625:78625): PID: <1000> - Ejecutando: <SET BX DERE>
[INFO] 06:48:02:957 cpu_principal.log/(78625:78625): PID: <1000> - Ejecutando: <SET CX PENT>
[INFO] 06:48:04:726 cpu_principal.log/(78625:78625): PID: <1000> - Ejecutando: <SET DX ETOD>
[INFO] 06:50:30:060 cpu_principal.log/(79163:79163): PID: <1000> - Ejecutando: <SET AX COMO>
[INFO] 06:50:30:060 cpu_principal.log/(79163:79163): PID: <1000> - Ejecutando: <SET BX DERE>
[INFO] 06:50:30:060 cpu_principal.log/(79163:79163): PID: <1000> - Ejecutando: <IO 5>
[INFO] 06:50:35:062 cpu_principal.log/(79163:79163): PID: <1000> - Ejecutando: <SET CX PENT>
[INFO] 06:50:35:062 cpu_principal.log/(79163:79163): PID: <1000> - Ejecutando: <SET DX ETOD>
[INFO] 06:50:35:063 cpu_principal.log/(79163:79163): PID: <1000> - Ejecutando: <SET EAX OESORDEN>
[INFO] 06:50:35:063 cpu_principal.log/(79163:79163): PID: <1000> - Ejecutando: <SET EBX ADODESDE>
[INFO] 06:50:35:063 cpu_principal.log/(79163:79163): PID: <1000> - Ejecutando: <IO 5>
[INFO] 06:50:40:064 cpu_principal.log/(79163:79163): PID: <1000> - Ejecutando: <SET ECX QUEHASLL>
[INFO] 06:50:40:064 cpu_principal.log/(79163:79163): PID: <1000> - Ejecutando: <SET EDX EGADOMIV>
[INFO] 06:50:40:065 cpu_principal.log/(79163:79163): PID: <1000> - Ejecutando: <SET RAX IDACAMBIOYANOSOY>
[INFO] 06:50:40:065 cpu_principal.log/(79163:79163): PID: <1000> - Ejecutando: <SET RBX LAMISMAQUETUCONO>
[INFO] 06:50:40:065 cpu_principal.log/(79163:79163): PID: <1000> - Ejecutando: <IO 5>
[INFO] 06:50:45:067 cpu_principal.log/(79163:79163): PID: <1000> - Ejecutando: <SET RCX CISTEENTONCESAHO>
[INFO] 06:50:45:067 cpu_principal.log/(79163:79163): PID: <1000> - Ejecutando: <SET RDX RASOYMUCHOMEJOR!>
[INFO] 06:55:16:391 cpu_principal.log/(79426:79426): PID: <1000> - Ejecutando: <SET AX COMO>
[INFO] 06:55:16:391 cpu_principal.log/(79426:79426): PID: <1000> - Ejecutando: <SET BX DERE>
[INFO] 06:55:16:391 cpu_principal.log/(79426:79426): PID: <1000> - Ejecutando: <IO 5>
[INFO] 06:55:21:392 cpu_principal.log/(79426:79426): PID: <1000> - Ejecutando: <SET CX PENT>
[INFO] 06:55:21:392 cpu_principal.log/(79426:79426): PID: <1000> - Ejecutando: <SET DX ETOD>
[INFO] 06:55:21:392 cpu_principal.log/(79426:79426): PID: <1000> - Ejecutando: <YIELD>
[INFO] 06:55:21:395 cpu_principal.log/(79426:79426): PID: <1000> - Ejecutando: <SET EAX OESORDEN>
[INFO] 06:55:21:395 cpu_principal.log/(79426:79426): PID: <1000> - Ejecutando: <SET EBX ADODESDE>
[INFO] 06:55:21:395 cpu_principal.log/(79426:79426): PID: <1000> - Ejecutando: <IO 5>
[INFO] 06:55:26:401 cpu_principal.log/(79426:79426): PID: <1000> - Ejecutando: <SET ECX QUEHASLL>
[INFO] 06:55:26:401 cpu_principal.log/(79426:79426): PID: <1000> - Ejecutando: <SET EDX EGADOMIV>
[INFO] 06:55:26:401 cpu_principal.log/(79426:79426): PID: <1000> - Ejecutando: <YIELD>
[INFO] 06:55:26:402 cpu_principal.log/(79426:79426): PID: <1000> - Ejecutando: <SET RAX IDACAMBIOYANOSOY>
[INFO] 06:55:26:402 cpu_principal.log/(79426:79426): PID: <1000> - Ejecutando: <SET RBX LAMISMAQUETUCONO>
[INFO] 06:55:26:402 cpu_principal.log/(79426:79426): PID: <1000> - Ejecutando: <IO 5>
[INFO] 06:55:31:403 cpu_principal.log/(79426:79426): PID: <1000> - Ejecutando: <SET RCX CISTEENTONCESAHO>
[INFO] 06:55:31:403 cpu_principal.log/(79426:79426): PID: <1000> - Ejecutando: <SET RDX RASOYMUCHOMEJOR!>
[INFO] 06:55:31:403 cpu_principal.log/(79426:79426): PID: <1000> - Ejecutando: <EXIT>
