[INFO] 15:42:55:217 kernel.log/(6006:6006): Kernel inicializado, esperando a recibir a la consola en el PUERTO 9120.
[INFO] 15:48:19:031 kernel.log/(6801:6801): Kernel inicializado, esperando a recibir a la consola en el PUERTO 8000.
[INFO] 15:48:22:230 kernel.log/(6801:6801): Cliente conectado (a KERNEL)

[WARNING] 15:48:22:230 kernel.log/(6801:6801): Operacion desconocida 

[INFO] 15:48:22:230 kernel.log/(6801:6801): Cliente conectado (a KERNEL)

[ERROR] 15:48:22:230 kernel.log/(6801:6801): Error al escuchar clientes... Finalizando servidor 

[ERROR] 15:48:22:230 kernel.log/(6801:6801): Cerrando el módulo Kernel
[INFO] 15:51:00:065 kernel.log/(6845:6845): Kernel inicializado, esperando a recibir a la consola en el PUERTO 8000.
[INFO] 15:51:04:364 kernel.log/(6845:6845): Cliente conectado (a KERNEL)

[WARNING] 15:51:04:364 kernel.log/(6845:6845): Operacion desconocida 

[INFO] 15:51:04:364 kernel.log/(6845:6845): Cliente conectado (a KERNEL)

[ERROR] 15:51:04:364 kernel.log/(6845:6845): Error al escuchar clientes... Finalizando servidor 

[ERROR] 15:51:04:364 kernel.log/(6845:6845): Cerrando el módulo Kernel
[INFO] 20:08:26:591 kernel.log/(54663:54663): Kernel inicializado, esperando a recibir a la consola en el PUERTO 8000.
[INFO] 20:08:34:219 kernel.log/(54663:54663): Cliente conectado (a KERNEL)

[WARNING] 20:09:24:071 kernel.log/(54663:54663): Operacion desconocida 

[INFO] 20:09:31:423 kernel.log/(54679:54679): Kernel inicializado, esperando a recibir a la consola en el PUERTO 8000.
[INFO] 20:10:45:293 kernel.log/(54679:54679): Cliente conectado (a KERNEL)

[WARNING] 20:11:06:917 kernel.log/(54679:54679): Operacion desconocida 

[INFO] 16:48:07:412 kernel.log/(67929:67929): Kernel inicializado, esperando a recibir a la consola en el PUERTO 8000.
[INFO] 16:49:10:182 kernel.log/(67929:67929): Cliente conectado (a KERNEL)

[WARNING] 16:50:09:877 kernel.log/(67929:67929): Operacion desconocida 

[INFO] 16:50:56:034 kernel.log/(68141:68141): Kernel inicializado, esperando a recibir a la consola en el PUERTO 8000.
[INFO] 16:51:14:650 kernel.log/(68141:68141): Cliente conectado (a KERNEL)

[WARNING] 16:51:19:773 kernel.log/(68141:68141): Operacion desconocida 

[INFO] 17:34:48:195 kernel.log/(74967:74967): Kernel inicializado, esperando a recibir a la consola en el PUERTO 8000.
[INFO] 17:35:05:674 kernel.log/(74967:74967): Cliente conectado (a KERNEL)

[INFO] 17:37:27:697 kernel.log/(74967:74967): 
[INFO] 17:47:38:663 kernel.log/(75548:75548): Kernel inicializado, esperando a recibir a la consola en el PUERTO 8000.
[INFO] 17:47:48:832 kernel.log/(75548:75548): Cliente conectado (a KERNEL)

[WARNING] 17:47:51:862 kernel.log/(75548:75548): 
